#
# A fatal error has been detected by the Java Runtime Environment:
#
#  SIGSEGV (0xb) at pc=0x00007f7d087c0914, pid=4141, tid=0x00007f7cc3fff700
#
# JRE version: Java(TM) SE Runtime Environment (8.0_144-b01) (build 1.8.0_144-b01)
# Java VM: Java HotSpot(TM) 64-Bit Server VM (25.144-b01 mixed mode linux-amd64 compressed oops)
# Problematic frame:
# C  [libglass.so+0x1b914]  Java_com_sun_glass_ui_gtk_GtkView__1uploadPixelsDirect+0x34
#
# Failed to write core dump. Core dumps have been disabled. To enable core dumping, try "ulimit -c unlimited" before starting Java again
#
# If you would like to submit a bug report, please visit:
#   http://bugreport.java.com/bugreport/crash.jsp
# The crash happened outside the Java Virtual Machine in native code.
# See problematic frame for where to report the bug.
#

---------------  T H R E A D  ---------------

Current thread (0x00007f7d2c2cc800):  JavaThread "JavaFX Application Thread" [_thread_in_native, id=4168, stack(0x00007f7cc3eff000,0x00007f7cc4000000)]

siginfo: si_signo: 11 (SIGSEGV), si_code: 1 (SEGV_MAPERR), si_addr: 0x0000000000000028

Registers:
RAX=0x00007f7cd443be20, RBX=0x00007f7cb83ff980, RCX=0x00000000000000de, RDX=0x0000000000000000
RSP=0x00007f7cc3ffdc80, RBP=0x00007f7cc3ffdca0, RSI=0x00007f7cd443be20, RDI=0x00007f7cb83ff790
R8 =0x000000010003f450, R9 =0x00000000e77eccc0, R10=0x0000000000000074, R11=0x00007f7d34e1ab28
R12=0x00000000000000ea, R13=0x00000000000000de, R14=0x00007f7cc3ffdd70, R15=0x00007f7d2c2cc800
RIP=0x00007f7d087c0914, EFLAGS=0x0000000000010246, CSGSFS=0x002b000000000033, ERR=0x0000000000000004
  TRAPNO=0x000000000000000e

Top of Stack: (sp=0x00007f7cc3ffdc80)
0x00007f7cc3ffdc80:   0000000000000000 00007f7d319b6230
0x00007f7cc3ffdc90:   0000000000000000 00007f7d319b6230
0x00007f7cc3ffdca0:   00007f7cc3ffdd28 00007f7d1d017a34
0x00007f7cc3ffdcb0:   0000000000000000 00007f7cb8242b40
0x00007f7cc3ffdcc0:   0000000000000014 00007f7cb8000020
0x00007f7cc3ffdcd0:   0000000000000100 00007f7cb8242b30
0x00007f7cc3ffdce0:   00007f7cc3ffdd38 00007f7cc3ffdce8
0x00007f7cc3ffdcf0:   0000000000000000 00007f7cc3ffdd70
0x00007f7cc3ffdd00:   00007f7d319c0630 0000000000000000
0x00007f7cc3ffdd10:   00007f7d319b6230 0000000000000000
0x00007f7cc3ffdd20:   00007f7cc3ffdd48 00007f7cc3ffddb8
0x00007f7cc3ffdd30:   00007f7d1d0082bd 0000000000000000
0x00007f7cc3ffdd40:   00007f7d1d011538 00000000000000de
0x00007f7cc3ffdd50:   00000000000000ea 00000000e77eccc0
0x00007f7cc3ffdd60:   00007f7cb83ff980 00007f7d1d007a90
0x00007f7cc3ffdd70:   00000000e9feec58 00007f7cc3ffdd78
0x00007f7cc3ffdd80:   00007f7d319b6113 00007f7cc3ffddf0
0x00007f7cc3ffdd90:   00007f7d319c0630 0000000000000000
0x00007f7cc3ffdda0:   00007f7d319b6190 00007f7cc3ffdd48
0x00007f7cc3ffddb0:   00007f7cc3ffde00 00007f7cc3ffdf88
0x00007f7cc3ffddc0:   00007f7d1d922954 0000000000000000
0x00007f7cc3ffddd0:   00000000e77eccc0 00000000e77ecc98
0x00007f7cc3ffdde0:   00007f7cb83ff980 00007f7cb83ff980
0x00007f7cc3ffddf0:   00000000e9feec58 00007f7d1d922954
0x00007f7cc3ffde00:   0000000000297328 00007f7cb8016630
0x00007f7cc3ffde10:   00007f7cb8016650 00007f7cb8016630
0x00007f7cc3ffde20:   0000000000000003 00007f7d153393db
0x00007f7cc3ffde30:   00007f7cb823d9a0 0000000000000000
0x00007f7cc3ffde40:   0000000000000000 0000000000000000
0x00007f7cc3ffde50:   00007f7cb8016630 00007f7cb8016650
0x00007f7cc3ffde60:   0000000000000003 00007f7d15339542
0x00007f7cc3ffde70:   00007f7cc3ffe010 00007f7cb8016530 

Instructions: (pc=0x00007f7d087c0914)
0x00007f7d087c08f4:   d3 45 89 c4 45 89 cd 48 83 ec 08 48 8b 07 ff 90
0x00007f7d087c0904:   30 07 00 00 48 8b 3b 44 89 e9 48 89 c6 48 8b 17
0x00007f7d087c0914:   4c 8b 42 28 48 83 c4 08 44 89 e2 5b 41 5c 41 5d
0x00007f7d087c0924:   5d 41 ff e0 0f 1f 84 00 00 00 00 00 f3 c3 66 66 

Register to memory mapping:

RAX=0x00007f7cd443be20 is an unknown value
RBX=0x00007f7cb83ff980 is an unknown value
RCX=0x00000000000000de is an unknown value
RDX=0x0000000000000000 is an unknown value
RSP=0x00007f7cc3ffdc80 is pointing into the stack for thread: 0x00007f7d2c2cc800
RBP=0x00007f7cc3ffdca0 is pointing into the stack for thread: 0x00007f7d2c2cc800
RSI=0x00007f7cd443be20 is an unknown value
RDI=0x00007f7cb83ff790 is an unknown value
R8 =0x000000010003f450 is pointing into metadata
R9 =0x00000000e77eccc0 is an oop
java.nio.DirectIntBufferU 
 - klass: 'java/nio/DirectIntBufferU'
R10=0x0000000000000074 is an unknown value
R11=0x00007f7d34e1ab28: <offset 0xfcab28> in /usr/local/java/jdk1.8.0_144/jre/lib/amd64/server/libjvm.so at 0x00007f7d33e50000
R12=0x00000000000000ea is an unknown value
R13=0x00000000000000de is an unknown value
R14=0x00007f7cc3ffdd70 is pointing into the stack for thread: 0x00007f7d2c2cc800
R15=0x00007f7d2c2cc800 is a thread


Stack: [0x00007f7cc3eff000,0x00007f7cc4000000],  sp=0x00007f7cc3ffdc80,  free space=1019k
Native frames: (J=compiled Java code, j=interpreted, Vv=VM code, C=native code)
C  [libglass.so+0x1b914]  Java_com_sun_glass_ui_gtk_GtkView__1uploadPixelsDirect+0x34
j  com.sun.glass.ui.gtk.GtkView._uploadPixelsDirect(JLjava/nio/Buffer;II)V+0
j  com.sun.glass.ui.gtk.GtkView._uploadPixels(JLcom/sun/glass/ui/Pixels;)V+27
J 3132 C1 com.sun.prism.PresentableState.uploadPixels(Lcom/sun/prism/PixelSource;)V (40 bytes) @ 0x00007f7d1d922954 [0x00007f7d1d9223e0+0x574]
J 3131 C1 com.sun.javafx.tk.quantum.SceneState.access$001(Lcom/sun/javafx/tk/quantum/SceneState;Lcom/sun/prism/PixelSource;)V (6 bytes) @ 0x00007f7d1d90285c [0x00007f7d1d902800+0x5c]
j  com.sun.javafx.tk.quantum.SceneState.lambda$uploadPixels$306(Lcom/sun/prism/PixelSource;)V+9
j  com.sun.javafx.tk.quantum.SceneState$$Lambda$186.run()V+8
J 2902 C1 com.sun.glass.ui.InvokeLaterDispatcher$Future.run()V (91 bytes) @ 0x00007f7d1d876bcc [0x00007f7d1d876ac0+0x10c]
v  ~StubRoutines::call_stub
V  [libjvm.so+0x693e96]  JavaCalls::call_helper(JavaValue*, methodHandle*, JavaCallArguments*, Thread*)+0x1056
V  [libjvm.so+0x6d5d9b]  jni_invoke_nonstatic(JNIEnv_*, JavaValue*, _jobject*, JNICallType, _jmethodID*, JNI_ArgumentPusher*, Thread*)+0x40b
V  [libjvm.so+0x6da16f]  jni_CallVoidMethodV+0x10f
C  [libglass.so+0x18221]  JNIEnv_::CallVoidMethod(_jobject*, _jmethodID*, ...)+0x81
C  [libglass.so+0x2179b]  call_runnable(void*)+0x2b
C  [libgdk-x11-2.0.so.0+0x1dd57]

Java frames: (J=compiled Java code, j=interpreted, Vv=VM code)
j  com.sun.glass.ui.gtk.GtkView._uploadPixelsDirect(JLjava/nio/Buffer;II)V+0
j  com.sun.glass.ui.gtk.GtkView._uploadPixels(JLcom/sun/glass/ui/Pixels;)V+27
J 3132 C1 com.sun.prism.PresentableState.uploadPixels(Lcom/sun/prism/PixelSource;)V (40 bytes) @ 0x00007f7d1d922954 [0x00007f7d1d9223e0+0x574]
J 3131 C1 com.sun.javafx.tk.quantum.SceneState.access$001(Lcom/sun/javafx/tk/quantum/SceneState;Lcom/sun/prism/PixelSource;)V (6 bytes) @ 0x00007f7d1d90285c [0x00007f7d1d902800+0x5c]
j  com.sun.javafx.tk.quantum.SceneState.lambda$uploadPixels$306(Lcom/sun/prism/PixelSource;)V+9
j  com.sun.javafx.tk.quantum.SceneState$$Lambda$186.run()V+8
J 2902 C1 com.sun.glass.ui.InvokeLaterDispatcher$Future.run()V (91 bytes) @ 0x00007f7d1d876bcc [0x00007f7d1d876ac0+0x10c]
v  ~StubRoutines::call_stub
j  com.sun.glass.ui.gtk.GtkApplication._runLoop(Ljava/lang/Runnable;Z)V+0
j  com.sun.glass.ui.gtk.GtkApplication.lambda$null$49(Ljava/lang/Runnable;Z)V+7
j  com.sun.glass.ui.gtk.GtkApplication$$Lambda$42.run()V+12
j  java.lang.Thread.run()V+11
v  ~StubRoutines::call_stub

---------------  P R O C E S S  ---------------

Java Threads: ( => current thread )
  0x00007f7ca8009800 JavaThread "process reaper" daemon [_thread_blocked, id=4174, stack(0x00007f7cc270c000,0x00007f7cc2745000)]
  0x00007f7cb82ac800 JavaThread "Prism Font Disposer" daemon [_thread_blocked, id=4170, stack(0x00007f7cc2f02000,0x00007f7cc3003000)]
  0x00007f7d2c2d1000 JavaThread "JavaFX-Launcher" [_thread_blocked, id=4169, stack(0x00007f7cc3dfe000,0x00007f7cc3eff000)]
=>0x00007f7d2c2cc800 JavaThread "JavaFX Application Thread" [_thread_in_native, id=4168, stack(0x00007f7cc3eff000,0x00007f7cc4000000)]
  0x00007f7d2c2c8000 JavaThread "Thread-1" daemon [_thread_blocked, id=4167, stack(0x00007f7d08039000,0x00007f7d0813a000)]
  0x00007f7d2c1e6000 JavaThread "QuantumRenderer-0" daemon [_thread_blocked, id=4161, stack(0x00007f7d17d69000,0x00007f7d17e6a000)]
  0x00007f7d2c0c0000 JavaThread "Service Thread" daemon [_thread_blocked, id=4159, stack(0x00007f7d1c03b000,0x00007f7d1c13c000)]
  0x00007f7d2c0bd000 JavaThread "C1 CompilerThread2" daemon [_thread_blocked, id=4158, stack(0x00007f7d1c13c000,0x00007f7d1c23d000)]
  0x00007f7d2c0bb800 JavaThread "C2 CompilerThread1" daemon [_thread_blocked, id=4157, stack(0x00007f7d1c23d000,0x00007f7d1c33e000)]
  0x00007f7d2c0b8800 JavaThread "C2 CompilerThread0" daemon [_thread_blocked, id=4156, stack(0x00007f7d1c33e000,0x00007f7d1c43f000)]
  0x00007f7d2c0b7000 JavaThread "Signal Dispatcher" daemon [_thread_blocked, id=4155, stack(0x00007f7d1c43f000,0x00007f7d1c540000)]
  0x00007f7d2c084000 JavaThread "Finalizer" daemon [_thread_blocked, id=4154, stack(0x00007f7d1ceff000,0x00007f7d1d000000)]
  0x00007f7d2c07f800 JavaThread "Reference Handler" daemon [_thread_blocked, id=4153, stack(0x00007f7d3008d000,0x00007f7d3018e000)]
  0x00007f7d2c009800 JavaThread "main" [_thread_blocked, id=4145, stack(0x00007f7d35949000,0x00007f7d35a4a000)]

Other Threads:
  0x00007f7d2c077800 VMThread [stack: 0x00007f7d3018e000,0x00007f7d3028f000] [id=4152]
  0x00007f7d2c0c3000 WatcherThread [stack: 0x00007f7d17eff000,0x00007f7d18000000] [id=4160]

VM state:not at safepoint (normal execution)

VM Mutex/Monitor currently owned by a thread: None

Heap:
 PSYoungGen      total 31232K, used 10583K [0x00000000e7780000, 0x00000000ea000000, 0x0000000100000000)
  eden space 28160K, 26% used [0x00000000e7780000,0x00000000e7eda9d8,0x00000000e9300000)
  from space 3072K, 99% used [0x00000000e9d00000,0x00000000e9ffb450,0x00000000ea000000)
  to   space 3072K, 0% used [0x00000000e9a00000,0x00000000e9a00000,0x00000000e9d00000)
 ParOldGen       total 80384K, used 33252K [0x00000000b6600000, 0x00000000bb480000, 0x00000000e7780000)
  object space 80384K, 41% used [0x00000000b6600000,0x00000000b86792d8,0x00000000bb480000)
 Metaspace       used 19225K, capacity 20068K, committed 20224K, reserved 1067008K
  class space    used 2746K, capacity 2960K, committed 3072K, reserved 1048576K

Card table byte_map: [0x00007f7d3249b000,0x00007f7d326e9000] byte_map_base: 0x00007f7d31ee8000

Marking Bits: (ParMarkBitMap*) 0x00007f7d34e19dc0
 Begin Bits: [0x00007f7d12b30000, 0x00007f7d13d98000)
 End Bits:   [0x00007f7d13d98000, 0x00007f7d15000000)

Polling page: 0x00007f7d35a6a000

CodeCache: size=245760Kb used=9404Kb max_used=9411Kb free=236355Kb
 bounds [0x00007f7d1d000000, 0x00007f7d1d940000, 0x00007f7d2c000000]
 total_blobs=3753 nmethods=3124 adapters=541
 compilation: enabled

Compilation events (10 events):
Event: 22.276 Thread 0x00007f7d2c0bd000 3147       3       com.sun.glass.ui.Pixels::getScaleUnsafe (5 bytes)
Event: 22.277 Thread 0x00007f7d2c0bd000 nmethod 3147 0x00007f7d1d926210 code [0x00007f7d1d926360, 0x00007f7d1d9264b0]
Event: 22.323 Thread 0x00007f7d2c0bd000 3148       3       java.nio.ByteBuffer::<init> (45 bytes)
Event: 22.323 Thread 0x00007f7d2c0bd000 nmethod 3148 0x00007f7d1d934910 code [0x00007f7d1d934a80, 0x00007f7d1d934cc8]
Event: 22.362 Thread 0x00007f7d2c0b8800 3149       4       java.util.ArrayList$Itr::<init> (6 bytes)
Event: 22.364 Thread 0x00007f7d2c0b8800 nmethod 3149 0x00007f7d1d8eda10 code [0x00007f7d1d8edb60, 0x00007f7d1d8edbf8]
Event: 22.365 Thread 0x00007f7d2c0bd000 3150       3       com.sun.javafx.tk.quantum.GlassScene::updateSceneState (8 bytes)
Event: 22.365 Thread 0x00007f7d2c0bd000 nmethod 3150 0x00007f7d1d937690 code [0x00007f7d1d937800, 0x00007f7d1d937988]
Event: 22.365 Thread 0x00007f7d2c0bd000 3151       3       com.sun.javafx.tk.quantum.SceneState::update (80 bytes)
Event: 22.366 Thread 0x00007f7d2c0bd000 nmethod 3151 0x00007f7d1d936b50 code [0x00007f7d1d936d20, 0x00007f7d1d937458]

GC Heap History (10 events):
Event: 0.666 GC heap before
{Heap before GC invocations=1 (full 0):
 PSYoungGen      total 22016K, used 18944K [0x00000000e7780000, 0x00000000e9000000, 0x0000000100000000)
  eden space 18944K, 100% used [0x00000000e7780000,0x00000000e8a00000,0x00000000e8a00000)
  from space 3072K, 0% used [0x00000000e8d00000,0x00000000e8d00000,0x00000000e9000000)
  to   space 3072K, 0% used [0x00000000e8a00000,0x00000000e8a00000,0x00000000e8d00000)
 ParOldGen       total 50688K, used 0K [0x00000000b6600000, 0x00000000b9780000, 0x00000000e7780000)
  object space 50688K, 0% used [0x00000000b6600000,0x00000000b6600000,0x00000000b9780000)
 Metaspace       used 11196K, capacity 11630K, committed 11904K, reserved 1058816K
  class space    used 1466K, capacity 1605K, committed 1664K, reserved 1048576K
Event: 0.673 GC heap after
Heap after GC invocations=1 (full 0):
 PSYoungGen      total 22016K, used 2848K [0x00000000e7780000, 0x00000000ea280000, 0x0000000100000000)
  eden space 18944K, 0% used [0x00000000e7780000,0x00000000e7780000,0x00000000e8a00000)
  from space 3072K, 92% used [0x00000000e8a00000,0x00000000e8cc8020,0x00000000e8d00000)
  to   space 3072K, 0% used [0x00000000e9f80000,0x00000000e9f80000,0x00000000ea280000)
 ParOldGen       total 50688K, used 72K [0x00000000b6600000, 0x00000000b9780000, 0x00000000e7780000)
  object space 50688K, 0% used [0x00000000b6600000,0x00000000b6612010,0x00000000b9780000)
 Metaspace       used 11196K, capacity 11630K, committed 11904K, reserved 1058816K
  class space    used 1466K, capacity 1605K, committed 1664K, reserved 1048576K
}
Event: 1.745 GC heap before
{Heap before GC invocations=2 (full 0):
 PSYoungGen      total 22016K, used 21792K [0x00000000e7780000, 0x00000000ea280000, 0x0000000100000000)
  eden space 18944K, 100% used [0x00000000e7780000,0x00000000e8a00000,0x00000000e8a00000)
  from space 3072K, 92% used [0x00000000e8a00000,0x00000000e8cc8020,0x00000000e8d00000)
  to   space 3072K, 0% used [0x00000000e9f80000,0x00000000e9f80000,0x00000000ea280000)
 ParOldGen       total 50688K, used 72K [0x00000000b6600000, 0x00000000b9780000, 0x00000000e7780000)
  object space 50688K, 0% used [0x00000000b6600000,0x00000000b6612010,0x00000000b9780000)
 Metaspace       used 16057K, capacity 16666K, committed 16896K, reserved 1062912K
  class space    used 2316K, capacity 2505K, committed 2560K, reserved 1048576K
Event: 1.754 GC heap after
Heap after GC invocations=2 (full 0):
 PSYoungGen      total 22016K, used 3041K [0x00000000e7780000, 0x00000000ea280000, 0x0000000100000000)
  eden space 18944K, 0% used [0x00000000e7780000,0x00000000e7780000,0x00000000e8a00000)
  from space 3072K, 98% used [0x00000000e9f80000,0x00000000ea278430,0x00000000ea280000)
  to   space 3072K, 0% used [0x00000000e8a00000,0x00000000e8a00000,0x00000000e8d00000)
 ParOldGen       total 50688K, used 8664K [0x00000000b6600000, 0x00000000b9780000, 0x00000000e7780000)
  object space 50688K, 17% used [0x00000000b6600000,0x00000000b6e76210,0x00000000b9780000)
 Metaspace       used 16057K, capacity 16666K, committed 16896K, reserved 1062912K
  class space    used 2316K, capacity 2505K, committed 2560K, reserved 1048576K
}
Event: 2.811 GC heap before
{Heap before GC invocations=3 (full 0):
 PSYoungGen      total 22016K, used 20557K [0x00000000e7780000, 0x00000000ea280000, 0x0000000100000000)
  eden space 18944K, 92% used [0x00000000e7780000,0x00000000e889b070,0x00000000e8a00000)
  from space 3072K, 98% used [0x00000000e9f80000,0x00000000ea278430,0x00000000ea280000)
  to   space 3072K, 0% used [0x00000000e8a00000,0x00000000e8a00000,0x00000000e8d00000)
 ParOldGen       total 50688K, used 8664K [0x00000000b6600000, 0x00000000b9780000, 0x00000000e7780000)
  object space 50688K, 17% used [0x00000000b6600000,0x00000000b6e76210,0x00000000b9780000)
 Metaspace       used 16890K, capacity 17554K, committed 17792K, reserved 1064960K
  class space    used 2442K, capacity 2627K, committed 2688K, reserved 1048576K
Event: 2.820 GC heap after
Heap after GC invocations=3 (full 0):
 PSYoungGen      total 22016K, used 3065K [0x00000000e7780000, 0x00000000ea000000, 0x0000000100000000)
  eden space 18944K, 0% used [0x00000000e7780000,0x00000000e7780000,0x00000000e8a00000)
  from space 3072K, 99% used [0x00000000e8a00000,0x00000000e8cfe468,0x00000000e8d00000)
  to   space 3072K, 0% used [0x00000000e9d00000,0x00000000e9d00000,0x00000000ea000000)
 ParOldGen       total 50688K, used 31819K [0x00000000b6600000, 0x00000000b9780000, 0x00000000e7780000)
  object space 50688K, 62% used [0x00000000b6600000,0x00000000b8512ce8,0x00000000b9780000)
 Metaspace       used 16890K, capacity 17554K, committed 17792K, reserved 1064960K
  class space    used 2442K, capacity 2627K, committed 2688K, reserved 1048576K
}
Event: 2.820 GC heap before
{Heap before GC invocations=4 (full 1):
 PSYoungGen      total 22016K, used 3065K [0x00000000e7780000, 0x00000000ea000000, 0x0000000100000000)
  eden space 18944K, 0% used [0x00000000e7780000,0x00000000e7780000,0x00000000e8a00000)
  from space 3072K, 99% used [0x00000000e8a00000,0x00000000e8cfe468,0x00000000e8d00000)
  to   space 3072K, 0% used [0x00000000e9d00000,0x00000000e9d00000,0x00000000ea000000)
 ParOldGen       total 50688K, used 31819K [0x00000000b6600000, 0x00000000b9780000, 0x00000000e7780000)
  object space 50688K, 62% used [0x00000000b6600000,0x00000000b8512ce8,0x00000000b9780000)
 Metaspace       used 16890K, capacity 17554K, committed 17792K, reserved 1064960K
  class space    used 2442K, capacity 2627K, committed 2688K, reserved 1048576K
Event: 2.840 GC heap after
Heap after GC invocations=4 (full 1):
 PSYoungGen      total 22016K, used 0K [0x00000000e7780000, 0x00000000ea000000, 0x0000000100000000)
  eden space 18944K, 0% used [0x00000000e7780000,0x00000000e7780000,0x00000000e8a00000)
  from space 3072K, 0% used [0x00000000e8a00000,0x00000000e8a00000,0x00000000e8d00000)
  to   space 3072K, 0% used [0x00000000e9d00000,0x00000000e9d00000,0x00000000ea000000)
 ParOldGen       total 80384K, used 25277K [0x00000000b6600000, 0x00000000bb480000, 0x00000000e7780000)
  object space 80384K, 31% used [0x00000000b6600000,0x00000000b7eaf458,0x00000000bb480000)
 Metaspace       used 16890K, capacity 17554K, committed 17792K, reserved 1064960K
  class space    used 2442K, capacity 2627K, committed 2688K, reserved 1048576K
}
Event: 10.544 GC heap before
{Heap before GC invocations=5 (full 1):
 PSYoungGen      total 22016K, used 18770K [0x00000000e7780000, 0x00000000ea000000, 0x0000000100000000)
  eden space 18944K, 99% used [0x00000000e7780000,0x00000000e89d4b68,0x00000000e8a00000)
  from space 3072K, 0% used [0x00000000e8a00000,0x00000000e8a00000,0x00000000e8d00000)
  to   space 3072K, 0% used [0x00000000e9d00000,0x00000000e9d00000,0x00000000ea000000)
 ParOldGen       total 80384K, used 25277K [0x00000000b6600000, 0x00000000bb480000, 0x00000000e7780000)
  object space 80384K, 31% used [0x00000000b6600000,0x00000000b7eaf458,0x00000000bb480000)
 Metaspace       used 18922K, capacity 19732K, committed 19968K, reserved 1067008K
  class space    used 2744K, capacity 2958K, committed 3072K, reserved 1048576K
Event: 10.551 GC heap after
Heap after GC invocations=5 (full 1):
 PSYoungGen      total 31232K, used 3053K [0x00000000e7780000, 0x00000000ea000000, 0x0000000100000000)
  eden space 28160K, 0% used [0x00000000e7780000,0x00000000e7780000,0x00000000e9300000)
  from space 3072K, 99% used [0x00000000e9d00000,0x00000000e9ffb450,0x00000000ea000000)
  to   space 3072K, 0% used [0x00000000e9a00000,0x00000000e9a00000,0x00000000e9d00000)
 ParOldGen       total 80384K, used 33252K [0x00000000b6600000, 0x00000000bb480000, 0x00000000e7780000)
  object space 80384K, 41% used [0x00000000b6600000,0x00000000b86792d8,0x00000000bb480000)
 Metaspace       used 18922K, capacity 19732K, committed 19968K, reserved 1067008K
  class space    used 2744K, capacity 2958K, committed 3072K, reserved 1048576K
}

Deoptimization events (10 events):
Event: 10.516 Thread 0x00007f7d2c2cc800 Uncommon trap: reason=class_check action=maybe_recompile pc=0x00007f7d1d6511ec method=javafx.scene.CssStyleHelper.getStyle(Ljavafx/css/Styleable;Ljava/lang/String;Lcom/sun/javafx/css/StyleMap;Ljava/util/Set;)Lcom/sun/javafx/css/CascadingStyle; @ 26
Event: 10.516 Thread 0x00007f7d2c2cc800 Uncommon trap: reason=class_check action=maybe_recompile pc=0x00007f7d1d6511ec method=javafx.scene.CssStyleHelper.getStyle(Ljavafx/css/Styleable;Ljava/lang/String;Lcom/sun/javafx/css/StyleMap;Ljava/util/Set;)Lcom/sun/javafx/css/CascadingStyle; @ 26
Event: 10.516 Thread 0x00007f7d2c2cc800 Uncommon trap: reason=class_check action=maybe_recompile pc=0x00007f7d1d6511ec method=javafx.scene.CssStyleHelper.getStyle(Ljavafx/css/Styleable;Ljava/lang/String;Lcom/sun/javafx/css/StyleMap;Ljava/util/Set;)Lcom/sun/javafx/css/CascadingStyle; @ 26
Event: 10.516 Thread 0x00007f7d2c2cc800 Uncommon trap: reason=class_check action=maybe_recompile pc=0x00007f7d1d6511ec method=javafx.scene.CssStyleHelper.getStyle(Ljavafx/css/Styleable;Ljava/lang/String;Lcom/sun/javafx/css/StyleMap;Ljava/util/Set;)Lcom/sun/javafx/css/CascadingStyle; @ 26
Event: 10.527 Thread 0x00007f7d2c2cc800 Uncommon trap: reason=unstable_if action=reinterpret pc=0x00007f7d1d3bd2fc method=java.lang.StrictMath.floorOrCeil(DDDD)D @ 115
Event: 10.535 Thread 0x00007f7d2c2cc800 Uncommon trap: reason=unstable_if action=reinterpret pc=0x00007f7d1d759124 method=javafx.scene.Node.updateBounds()V @ 47
Event: 10.562 Thread 0x00007f7d2c1e6000 Uncommon trap: reason=unstable_if action=reinterpret pc=0x00007f7d1d3cfbd8 method=java.lang.StrictMath.floorOrCeil(DDDD)D @ 115
Event: 13.126 Thread 0x00007f7d2c1e6000 Uncommon trap: reason=unstable_if action=reinterpret pc=0x00007f7d1d814758 method=com.sun.pisces.GradientColorMap.getColorAA(I[I[I[I[I[I[I[I[I)I @ 47
Event: 13.126 Thread 0x00007f7d2c1e6000 Uncommon trap: reason=unstable_if action=reinterpret pc=0x00007f7d1d809d6c method=com.sun.pisces.GradientColorMap.findStop(I)I @ 20
Event: 14.447 Thread 0x00007f7d2c2cc800 Uncommon trap: reason=predicate action=maybe_recompile pc=0x00007f7d1d16f31c method=java.util.ArrayList.remove(Ljava/lang/Object;)Z @ 49

Internal exceptions (10 events):
Event: 0.593 Thread 0x00007f7d2c2cc800 Exception <a 'java/lang/ArrayIndexOutOfBoundsException': 58> (0x00000000e86db9f8) thrown at [/HUDSON3/workspace/8-2-build-linux-amd64/jdk8u144/9417/hotspot/src/share/vm/interpreter/interpreterRuntime.cpp, line 366]
Event: 0.593 Thread 0x00007f7d2c2cc800 Exception <a 'java/lang/ArrayIndexOutOfBoundsException': 18> (0x00000000e86dc698) thrown at [/HUDSON3/workspace/8-2-build-linux-amd64/jdk8u144/9417/hotspot/src/share/vm/interpreter/interpreterRuntime.cpp, line 366]
Event: 0.593 Thread 0x00007f7d2c2cc800 Exception <a 'java/lang/ArrayIndexOutOfBoundsException': 86> (0x00000000e86dda40) thrown at [/HUDSON3/workspace/8-2-build-linux-amd64/jdk8u144/9417/hotspot/src/share/vm/interpreter/interpreterRuntime.cpp, line 366]
Event: 0.659 Thread 0x00007f7d2c2cc800 Exception <a 'java/io/FileNotFoundException'> (0x00000000e89a3930) thrown at [/HUDSON3/workspace/8-2-build-linux-amd64/jdk8u144/9417/hotspot/src/share/vm/prims/jni.cpp, line 709]
Event: 0.918 Thread 0x00007f7d2c2cc800 Implicit null exception at 0x00007f7d1d2f8f35 to 0x00007f7d1d2f9151
Event: 0.918 Thread 0x00007f7d2c2cc800 Implicit null exception at 0x00007f7d1d32ee18 to 0x00007f7d1d32eea6
Event: 2.850 Thread 0x00007f7d2c2cc800 Exception <a 'java/io/FileNotFoundException'> (0x00000000e7a7bed8) thrown at [/HUDSON3/workspace/8-2-build-linux-amd64/jdk8u144/9417/hotspot/src/share/vm/prims/jni.cpp, line 709]
Event: 2.977 Thread 0x00007f7d2c2cc800 Implicit null exception at 0x00007f7d1d5aeb2a to 0x00007f7d1d5af359
Event: 2.980 Thread 0x00007f7d2c2cc800 Implicit null exception at 0x00007f7d1d50b907 to 0x00007f7d1d50b96d
Event: 3.928 Thread 0x00007f7cb8364800 Implicit null exception at 0x00007f7d1d5005c8 to 0x00007f7d1d500681

Events (10 events):
Event: 20.834 loading class javafx/event/ActionEvent
Event: 20.834 loading class javafx/event/ActionEvent done
Event: 20.834 loading class javafx/event/ActionEvent
Event: 20.834 loading class javafx/event/ActionEvent done
Event: 20.834 loading class org/controlsfx/control/PopOver
Event: 20.834 loading class org/controlsfx/control/PopOver done
Event: 21.083 loading class javafx/scene/input/MouseEvent$1
Event: 21.083 loading class javafx/scene/input/MouseEvent$1 done
Event: 22.362 loading class java/util/ArrayList$1
Event: 22.362 loading class java/util/ArrayList$1 done


Dynamic libraries:
00400000-00401000 r-xp 00000000 08:01 457794                             /usr/local/java/jdk1.8.0_144/bin/java
00600000-00601000 rw-p 00000000 08:01 457794                             /usr/local/java/jdk1.8.0_144/bin/java
01f4b000-01f6c000 rw-p 00000000 00:00 0                                  [heap]
b6600000-bb480000 rw-p 00000000 00:00 0 
bb480000-e7780000 ---p 00000000 00:00 0 
e7780000-ea000000 rw-p 00000000 00:00 0 
ea000000-100000000 ---p 00000000 00:00 0 
100000000-100300000 rw-p 00000000 00:00 0 
100300000-140000000 ---p 00000000 00:00 0 
7f7ca4fff000-7f7ca8000000 rw-p 00000000 00:00 0 
7f7ca8000000-7f7ca8021000 rw-p 00000000 00:00 0 
7f7ca8021000-7f7cac000000 ---p 00000000 00:00 0 
7f7cac000000-7f7cac021000 rw-p 00000000 00:00 0 
7f7cac021000-7f7cb0000000 ---p 00000000 00:00 0 
7f7cb0000000-7f7cb0021000 rw-p 00000000 00:00 0 
7f7cb0021000-7f7cb4000000 ---p 00000000 00:00 0 
7f7cb4000000-7f7cb4021000 rw-p 00000000 00:00 0 
7f7cb4021000-7f7cb8000000 ---p 00000000 00:00 0 
7f7cb8000000-7f7cb869f000 rw-p 00000000 00:00 0 
7f7cb869f000-7f7cbc000000 ---p 00000000 00:00 0 
7f7cbc000000-7f7cbc021000 rw-p 00000000 00:00 0 
7f7cbc021000-7f7cc0000000 ---p 00000000 00:00 0 
7f7cc20e4000-7f7cc21a4000 rw-p 00000000 00:00 0 
7f7cc21a4000-7f7cc22e4000 ---p 00000000 00:00 0 
7f7cc22e4000-7f7cc22f5000 r-xp 00000000 08:01 457870                     /usr/local/java/jdk1.8.0_144/jre/lib/amd64/libnio.so
7f7cc22f5000-7f7cc24f4000 ---p 00011000 08:01 457870                     /usr/local/java/jdk1.8.0_144/jre/lib/amd64/libnio.so
7f7cc24f4000-7f7cc24f5000 rw-p 00010000 08:01 457870                     /usr/local/java/jdk1.8.0_144/jre/lib/amd64/libnio.so
7f7cc24f5000-7f7cc250b000 r-xp 00000000 08:01 457845                     /usr/local/java/jdk1.8.0_144/jre/lib/amd64/libnet.so
7f7cc250b000-7f7cc270b000 ---p 00016000 08:01 457845                     /usr/local/java/jdk1.8.0_144/jre/lib/amd64/libnet.so
7f7cc270b000-7f7cc270c000 rw-p 00016000 08:01 457845                     /usr/local/java/jdk1.8.0_144/jre/lib/amd64/libnet.so
7f7cc270c000-7f7cc270f000 ---p 00000000 00:00 0 
7f7cc270f000-7f7cc2745000 rw-p 00000000 00:00 0 
7f7cc2745000-7f7cc2748000 ---p 00000000 00:00 0 
7f7cc2748000-7f7cc2846000 rw-p 00000000 00:00 0 
7f7cc2846000-7f7cc28f2000 r--p 00000000 08:01 271657                     /usr/share/fonts/truetype/dejavu/DejaVuSans-Bold.ttf
7f7cc28f2000-7f7cc2af2000 rw-p 00000000 00:00 0 
7f7cc2af2000-7f7cc2b02000 r-xp 00000000 08:01 457895                     /usr/local/java/jdk1.8.0_144/jre/lib/amd64/libdecora_sse.so
7f7cc2b02000-7f7cc2d01000 ---p 00010000 08:01 457895                     /usr/local/java/jdk1.8.0_144/jre/lib/amd64/libdecora_sse.so
7f7cc2d01000-7f7cc2d02000 rw-p 0000f000 08:01 457895                     /usr/local/java/jdk1.8.0_144/jre/lib/amd64/libdecora_sse.so
7f7cc2d02000-7f7cc2f02000 rw-p 00000000 00:00 0 
7f7cc2f02000-7f7cc2f05000 ---p 00000000 00:00 0 
7f7cc2f05000-7f7cc3003000 rw-p 00000000 00:00 0 
7f7cc3003000-7f7cc30bc000 r--p 00000000 08:01 271658                     /usr/share/fonts/truetype/dejavu/DejaVuSans.ttf
7f7cc30bc000-7f7cc3111000 r--p 00000000 08:01 457931                     /usr/local/java/jdk1.8.0_144/jre/lib/fonts/LucidaBrightRegular.ttf
7f7cc3111000-7f7cc31bc000 r--p 00000000 08:01 457928                     /usr/local/java/jdk1.8.0_144/jre/lib/fonts/LucidaSansRegular.ttf
7f7cc31bc000-7f7cc31c0000 r-xp 00000000 08:01 457882                     /usr/local/java/jdk1.8.0_144/jre/lib/amd64/libjavafx_font_pango.so
7f7cc31c0000-7f7cc33bf000 ---p 00004000 08:01 457882                     /usr/local/java/jdk1.8.0_144/jre/lib/amd64/libjavafx_font_pango.so
7f7cc33bf000-7f7cc33c0000 rw-p 00003000 08:01 457882                     /usr/local/java/jdk1.8.0_144/jre/lib/amd64/libjavafx_font_pango.so
7f7cc33c0000-7f7cc33f6000 r-xp 00000000 08:01 457867                     /usr/local/java/jdk1.8.0_144/jre/lib/amd64/libjavafx_iio.so
7f7cc33f6000-7f7cc35f5000 ---p 00036000 08:01 457867                     /usr/local/java/jdk1.8.0_144/jre/lib/amd64/libjavafx_iio.so
7f7cc35f5000-7f7cc35f6000 rw-p 00035000 08:01 457867                     /usr/local/java/jdk1.8.0_144/jre/lib/amd64/libjavafx_iio.so
7f7cc35f6000-7f7cc37f6000 rw-p 00000000 00:00 0 
7f7cc37f6000-7f7cc37fb000 r-xp 00000000 08:01 457878                     /usr/local/java/jdk1.8.0_144/jre/lib/amd64/libjavafx_font_freetype.so
7f7cc37fb000-7f7cc39fa000 ---p 00005000 08:01 457878                     /usr/local/java/jdk1.8.0_144/jre/lib/amd64/libjavafx_font_freetype.so
7f7cc39fa000-7f7cc39fb000 rw-p 00004000 08:01 457878                     /usr/local/java/jdk1.8.0_144/jre/lib/amd64/libjavafx_font_freetype.so
7f7cc39fb000-7f7cc3bfb000 rw-p 00000000 00:00 0 
7f7cc3bfb000-7f7cc3bfe000 r-xp 00000000 08:01 457840                     /usr/local/java/jdk1.8.0_144/jre/lib/amd64/libjavafx_font.so
7f7cc3bfe000-7f7cc3dfd000 ---p 00003000 08:01 457840                     /usr/local/java/jdk1.8.0_144/jre/lib/amd64/libjavafx_font.so
7f7cc3dfd000-7f7cc3dfe000 rw-p 00002000 08:01 457840                     /usr/local/java/jdk1.8.0_144/jre/lib/amd64/libjavafx_font.so
7f7cc3dfe000-7f7cc3e01000 ---p 00000000 00:00 0 
7f7cc3e01000-7f7cc3eff000 rw-p 00000000 00:00 0 
7f7cc3eff000-7f7cc3f02000 ---p 00000000 00:00 0 
7f7cc3f02000-7f7cc4000000 rw-p 00000000 00:00 0 
7f7cc4000000-7f7cc4022000 rw-p 00000000 00:00 0 
7f7cc4022000-7f7cc8000000 ---p 00000000 00:00 0 
7f7cc8000000-7f7cc8022000 rw-p 00000000 00:00 0 
7f7cc8022000-7f7ccc000000 ---p 00000000 00:00 0 
7f7ccc000000-7f7ccc021000 rw-p 00000000 00:00 0 
7f7ccc021000-7f7cd0000000 ---p 00000000 00:00 0 
7f7cd0008000-7f7cd001c000 r--p 00000000 08:01 457932                     /usr/local/java/jdk1.8.0_144/jre/lib/fonts/LucidaBrightItalic.ttf
7f7cd001c000-7f7cd0058000 r--p 00000000 08:01 457934                     /usr/local/java/jdk1.8.0_144/jre/lib/fonts/LucidaTypewriterRegular.ttf
7f7cd0058000-7f7cd00a6000 r--p 00000000 08:01 457935                     /usr/local/java/jdk1.8.0_144/jre/lib/fonts/LucidaSansDemiBold.ttf
7f7cd00a6000-7f7cd00e0000 r--p 00000000 08:01 457930                     /usr/local/java/jdk1.8.0_144/jre/lib/fonts/LucidaTypewriterBold.ttf
7f7cd00e0000-7f7cd00e1000 ---p 00000000 00:00 0 
7f7cd00e1000-7f7cd08e1000 rw-p 00000000 00:00 0 
7f7cd08e1000-7f7cd08ec000 r-xp 00000000 08:01 137555                     /usr/lib/x86_64-linux-gnu/gio/modules/libdconfsettings.so
7f7cd08ec000-7f7cd0aec000 ---p 0000b000 08:01 137555                     /usr/lib/x86_64-linux-gnu/gio/modules/libdconfsettings.so
7f7cd0aec000-7f7cd0aed000 r--p 0000b000 08:01 137555                     /usr/lib/x86_64-linux-gnu/gio/modules/libdconfsettings.so
7f7cd0aed000-7f7cd0aee000 rw-p 0000c000 08:01 137555                     /usr/lib/x86_64-linux-gnu/gio/modules/libdconfsettings.so
7f7cd0aee000-7f7cd0aef000 ---p 00000000 00:00 0 
7f7cd0aef000-7f7cd12ef000 rw-p 00000000 00:00 0 
7f7cd12ef000-7f7cd1308000 r-xp 00000000 08:01 137559                     /usr/lib/x86_64-linux-gnu/gio/modules/libgioremote-volume-monitor.so
7f7cd1308000-7f7cd1508000 ---p 00019000 08:01 137559                     /usr/lib/x86_64-linux-gnu/gio/modules/libgioremote-volume-monitor.so
7f7cd1508000-7f7cd150b000 r--p 00019000 08:01 137559                     /usr/lib/x86_64-linux-gnu/gio/modules/libgioremote-volume-monitor.so
7f7cd150b000-7f7cd150c000 rw-p 0001c000 08:01 137559                     /usr/lib/x86_64-linux-gnu/gio/modules/libgioremote-volume-monitor.so
7f7cd150c000-7f7cd1542000 r-xp 00000000 08:01 138116                     /usr/lib/x86_64-linux-gnu/gvfs/libgvfscommon.so
7f7cd1542000-7f7cd1742000 ---p 00036000 08:01 138116                     /usr/lib/x86_64-linux-gnu/gvfs/libgvfscommon.so
7f7cd1742000-7f7cd1747000 r--p 00036000 08:01 138116                     /usr/lib/x86_64-linux-gnu/gvfs/libgvfscommon.so
7f7cd1747000-7f7cd1748000 rw-p 0003b000 08:01 138116                     /usr/lib/x86_64-linux-gnu/gvfs/libgvfscommon.so
7f7cd1748000-7f7cd1778000 r-xp 00000000 08:01 137560                     /usr/lib/x86_64-linux-gnu/gio/modules/libgvfsdbus.so
7f7cd1778000-7f7cd1977000 ---p 00030000 08:01 137560                     /usr/lib/x86_64-linux-gnu/gio/modules/libgvfsdbus.so
7f7cd1977000-7f7cd1978000 r--p 0002f000 08:01 137560                     /usr/lib/x86_64-linux-gnu/gio/modules/libgvfsdbus.so
7f7cd1978000-7f7cd1979000 rw-p 00030000 08:01 137560                     /usr/lib/x86_64-linux-gnu/gio/modules/libgvfsdbus.so
7f7cd1979000-7f7cd197a000 rw-p 00000000 00:00 0 
7f7cd197a000-7f7cd1981000 r-xp 00000000 08:01 407892                     /usr/lib/x86_64-linux-gnu/libogg.so.0.8.2
7f7cd1981000-7f7cd1b81000 ---p 00007000 08:01 407892                     /usr/lib/x86_64-linux-gnu/libogg.so.0.8.2
7f7cd1b81000-7f7cd1b82000 r--p 00007000 08:01 407892                     /usr/lib/x86_64-linux-gnu/libogg.so.0.8.2
7f7cd1b82000-7f7cd1b83000 rw-p 00008000 08:01 407892                     /usr/lib/x86_64-linux-gnu/libogg.so.0.8.2
7f7cd1b83000-7f7cd1bad000 r-xp 00000000 08:01 408252                     /usr/lib/x86_64-linux-gnu/libvorbis.so.0.4.8
7f7cd1bad000-7f7cd1dad000 ---p 0002a000 08:01 408252                     /usr/lib/x86_64-linux-gnu/libvorbis.so.0.4.8
7f7cd1dad000-7f7cd1dae000 r--p 0002a000 08:01 408252                     /usr/lib/x86_64-linux-gnu/libvorbis.so.0.4.8
7f7cd1dae000-7f7cd1daf000 rw-p 0002b000 08:01 408252                     /usr/lib/x86_64-linux-gnu/libvorbis.so.0.4.8
7f7cd1daf000-7f7cd1db8000 r-xp 00000000 08:01 407753                     /usr/lib/x86_64-linux-gnu/libltdl.so.7.3.1
7f7cd1db8000-7f7cd1fb7000 ---p 00009000 08:01 407753                     /usr/lib/x86_64-linux-gnu/libltdl.so.7.3.1
7f7cd1fb7000-7f7cd1fb8000 r--p 00008000 08:01 407753                     /usr/lib/x86_64-linux-gnu/libltdl.so.7.3.1
7f7cd1fb8000-7f7cd1fb9000 rw-p 00009000 08:01 407753                     /usr/lib/x86_64-linux-gnu/libltdl.so.7.3.1
7f7cd1fb9000-7f7cd1fcd000 r-xp 00000000 08:01 408141                     /usr/lib/x86_64-linux-gnu/libtdb.so.1.3.8
7f7cd1fcd000-7f7cd21cc000 ---p 00014000 08:01 408141                     /usr/lib/x86_64-linux-gnu/libtdb.so.1.3.8
7f7cd21cc000-7f7cd21cd000 r--p 00013000 08:01 408141                     /usr/lib/x86_64-linux-gnu/libtdb.so.1.3.8
7f7cd21cd000-7f7cd21ce000 rw-p 00014000 08:01 408141                     /usr/lib/x86_64-linux-gnu/libtdb.so.1.3.8
7f7cd21ce000-7f7cd21d5000 r-xp 00000000 08:01 408256                     /usr/lib/x86_64-linux-gnu/libvorbisfile.so.3.3.7
7f7cd21d5000-7f7cd23d5000 ---p 00007000 08:01 408256                     /usr/lib/x86_64-linux-gnu/libvorbisfile.so.3.3.7
7f7cd23d5000-7f7cd23d6000 r--p 00007000 08:01 408256                     /usr/lib/x86_64-linux-gnu/libvorbisfile.so.3.3.7
7f7cd23d6000-7f7cd23d7000 rw-p 00008000 08:01 408256                     /usr/lib/x86_64-linux-gnu/libvorbisfile.so.3.3.7
7f7cd23d7000-7f7cd23e7000 r-xp 00000000 08:01 407134                     /usr/lib/x86_64-linux-gnu/libcanberra.so.0.2.5
7f7cd23e7000-7f7cd25e6000 ---p 00010000 08:01 407134                     /usr/lib/x86_64-linux-gnu/libcanberra.so.0.2.5
7f7cd25e6000-7f7cd25e7000 r--p 0000f000 08:01 407134                     /usr/lib/x86_64-linux-gnu/libcanberra.so.0.2.5
7f7cd25e7000-7f7cd25e8000 rw-p 00010000 08:01 407134                     /usr/lib/x86_64-linux-gnu/libcanberra.so.0.2.5
7f7cd25e8000-7f7cd25ec000 r-xp 00000000 08:01 407130                     /usr/lib/x86_64-linux-gnu/libcanberra-gtk.so.0.1.9
7f7cd25ec000-7f7cd27eb000 ---p 00004000 08:01 407130                     /usr/lib/x86_64-linux-gnu/libcanberra-gtk.so.0.1.9
7f7cd27eb000-7f7cd27ec000 r--p 00003000 08:01 407130                     /usr/lib/x86_64-linux-gnu/libcanberra-gtk.so.0.1.9
7f7cd27ec000-7f7cd27ed000 rw-p 00004000 08:01 407130                     /usr/lib/x86_64-linux-gnu/libcanberra-gtk.so.0.1.9
7f7cd27ed000-7f7cd27f2000 r-xp 00000000 08:01 137770                     /usr/lib/x86_64-linux-gnu/gtk-2.0/modules/libcanberra-gtk-module.so
7f7cd27f2000-7f7cd29f1000 ---p 00005000 08:01 137770                     /usr/lib/x86_64-linux-gnu/gtk-2.0/modules/libcanberra-gtk-module.so
7f7cd29f1000-7f7cd29f2000 r--p 00004000 08:01 137770                     /usr/lib/x86_64-linux-gnu/gtk-2.0/modules/libcanberra-gtk-module.so
7f7cd29f2000-7f7cd29f3000 rw-p 00005000 08:01 137770                     /usr/lib/x86_64-linux-gnu/gtk-2.0/modules/libcanberra-gtk-module.so
7f7cd29f3000-7f7cd2a23000 r-xp 00000000 08:01 137752                     /usr/lib/x86_64-linux-gnu/gtk-2.0/2.10.0/engines/libmurrine.so
7f7cd2a23000-7f7cd2c23000 ---p 00030000 08:01 137752                     /usr/lib/x86_64-linux-gnu/gtk-2.0/2.10.0/engines/libmurrine.so
7f7cd2c23000-7f7cd2c24000 r--p 00030000 08:01 137752                     /usr/lib/x86_64-linux-gnu/gtk-2.0/2.10.0/engines/libmurrine.so
7f7cd2c24000-7f7cd2c25000 rw-p 00031000 08:01 137752                     /usr/lib/x86_64-linux-gnu/gtk-2.0/2.10.0/engines/libmurrine.so
7f7cd2c25000-7f7cd2c35000 r-xp 00000000 08:01 408199                     /usr/lib/x86_64-linux-gnu/libunity-gtk2-parser.so.0.0.0
7f7cd2c35000-7f7cd2e35000 ---p 00010000 08:01 408199                     /usr/lib/x86_64-linux-gnu/libunity-gtk2-parser.so.0.0.0
7f7cd2e35000-7f7cd2e36000 r--p 00010000 08:01 408199                     /usr/lib/x86_64-linux-gnu/libunity-gtk2-parser.so.0.0.0
7f7cd2e36000-7f7cd2e37000 rw-p 00011000 08:01 408199                     /usr/lib/x86_64-linux-gnu/libunity-gtk2-parser.so.0.0.0
7f7cd2e37000-7f7cd2e3c000 r-xp 00000000 08:01 137774                     /usr/lib/x86_64-linux-gnu/gtk-2.0/modules/libunity-gtk-module.so
7f7cd2e3c000-7f7cd303b000 ---p 00005000 08:01 137774                     /usr/lib/x86_64-linux-gnu/gtk-2.0/modules/libunity-gtk-module.so
7f7cd303b000-7f7cd303c000 r--p 00004000 08:01 137774                     /usr/lib/x86_64-linux-gnu/gtk-2.0/modules/libunity-gtk-module.so
7f7cd303c000-7f7cd303d000 rw-p 00005000 08:01 137774                     /usr/lib/x86_64-linux-gnu/gtk-2.0/modules/libunity-gtk-module.so
7f7cd303d000-7f7cd304f000 r-xp 00000000 08:01 6268                       /lib/x86_64-linux-gnu/libgpg-error.so.0.17.0
7f7cd304f000-7f7cd324f000 ---p 00012000 08:01 6268                       /lib/x86_64-linux-gnu/libgpg-error.so.0.17.0
7f7cd324f000-7f7cd3250000 r--p 00012000 08:01 6268                       /lib/x86_64-linux-gnu/libgpg-error.so.0.17.0
7f7cd3250000-7f7cd3251000 rw-p 00013000 08:01 6268                       /lib/x86_64-linux-gnu/libgpg-error.so.0.17.0
7f7cd3251000-7f7cd3329000 r-xp 00000000 08:01 6264                       /lib/x86_64-linux-gnu/libgcrypt.so.20.0.5
7f7cd3329000-7f7cd3528000 ---p 000d8000 08:01 6264                       /lib/x86_64-linux-gnu/libgcrypt.so.20.0.5
7f7cd3528000-7f7cd3529000 r--p 000d7000 08:01 6264                       /lib/x86_64-linux-gnu/libgcrypt.so.20.0.5
7f7cd3529000-7f7cd3531000 rw-p 000d8000 08:01 6264                       /lib/x86_64-linux-gnu/libgcrypt.so.20.0.5
7f7cd3531000-7f7cd3532000 rw-p 00000000 00:00 0 
7f7cd3532000-7f7cd3553000 r-xp 00000000 08:01 6291                       /lib/x86_64-linux-gnu/liblzma.so.5.0.0
7f7cd3553000-7f7cd3752000 ---p 00021000 08:01 6291                       /lib/x86_64-linux-gnu/liblzma.so.5.0.0
7f7cd3752000-7f7cd3753000 r--p 00020000 08:01 6291                       /lib/x86_64-linux-gnu/liblzma.so.5.0.0
7f7cd3753000-7f7cd3754000 rw-p 00021000 08:01 6291                       /lib/x86_64-linux-gnu/liblzma.so.5.0.0
7f7cd3754000-7f7cd379e000 r-xp 00000000 08:01 6240                       /lib/x86_64-linux-gnu/libdbus-1.so.3.14.6
7f7cd379e000-7f7cd399e000 ---p 0004a000 08:01 6240                       /lib/x86_64-linux-gnu/libdbus-1.so.3.14.6
7f7cd399e000-7f7cd399f000 r--p 0004a000 08:01 6240                       /lib/x86_64-linux-gnu/libdbus-1.so.3.14.6
7f7cd399f000-7f7cd39a0000 rw-p 0004b000 08:01 6240                       /lib/x86_64-linux-gnu/libdbus-1.so.3.14.6
7f7cd39a0000-7f7cd39cc000 r-xp 00000000 08:01 407073                     /usr/lib/x86_64-linux-gnu/libatspi.so.0.0.1
7f7cd39cc000-7f7cd3bcb000 ---p 0002c000 08:01 407073                     /usr/lib/x86_64-linux-gnu/libatspi.so.0.0.1
7f7cd3bcb000-7f7cd3bce000 r--p 0002b000 08:01 407073                     /usr/lib/x86_64-linux-gnu/libatspi.so.0.0.1
7f7cd3bce000-7f7cd3bcf000 rw-p 0002e000 08:01 407073                     /usr/lib/x86_64-linux-gnu/libatspi.so.0.0.1
7f7cd3bcf000-7f7cd3bfc000 r-xp 00000000 08:01 407067                     /usr/lib/x86_64-linux-gnu/libatk-bridge-2.0.so.0.0.0
7f7cd3bfc000-7f7cd3dfb000 ---p 0002d000 08:01 407067                     /usr/lib/x86_64-linux-gnu/libatk-bridge-2.0.so.0.0.0
7f7cd3dfb000-7f7cd3dfc000 r--p 0002c000 08:01 407067                     /usr/lib/x86_64-linux-gnu/libatk-bridge-2.0.so.0.0.0
7f7cd3dfc000-7f7cd3dfe000 rw-p 0002d000 08:01 407067                     /usr/lib/x86_64-linux-gnu/libatk-bridge-2.0.so.0.0.0
7f7cd3dfe000-7f7cd3dff000 r-xp 00000000 08:01 137769                     /usr/lib/x86_64-linux-gnu/gtk-2.0/modules/libatk-bridge.so
7f7cd3dff000-7f7cd3ffe000 ---p 00001000 08:01 137769                     /usr/lib/x86_64-linux-gnu/gtk-2.0/modules/libatk-bridge.so
7f7cd3ffe000-7f7cd3fff000 r--p 00000000 08:01 137769                     /usr/lib/x86_64-linux-gnu/gtk-2.0/modules/libatk-bridge.so
7f7cd3fff000-7f7cd4000000 rw-p 00001000 08:01 137769                     /usr/lib/x86_64-linux-gnu/gtk-2.0/modules/libatk-bridge.so
7f7cd4000000-7f7cd4b97000 rw-p 00000000 00:00 0 
7f7cd4b97000-7f7cd8000000 ---p 00000000 00:00 0 
7f7cd8000000-7f7cd8021000 rw-p 00000000 00:00 0 
7f7cd8021000-7f7cdc000000 ---p 00000000 00:00 0 
7f7cdc000000-7f7cdc021000 rw-p 00000000 00:00 0 
7f7cdc021000-7f7ce0000000 ---p 00000000 00:00 0 
7f7ce0000000-7f7ce0021000 rw-p 00000000 00:00 0 
7f7ce0021000-7f7ce4000000 ---p 00000000 00:00 0 
7f7ce4000000-7f7ce4237000 rw-p 00000000 00:00 0 
7f7ce4237000-7f7ce8000000 ---p 00000000 00:00 0 
7f7ce8000000-7f7ce851a000 rw-p 00000000 00:00 0 
7f7ce851a000-7f7cec000000 ---p 00000000 00:00 0 
7f7cec000000-7f7cec021000 rw-p 00000000 00:00 0 
7f7cec021000-7f7cf0000000 ---p 00000000 00:00 0 
7f7cf0000000-7f7cf039c000 rw-p 00000000 00:00 0 
7f7cf039c000-7f7cf4000000 ---p 00000000 00:00 0 
7f7cf4000000-7f7cf4021000 rw-p 00000000 00:00 0 
7f7cf4021000-7f7cf8000000 ---p 00000000 00:00 0 
7f7cf8000000-7f7cf8021000 rw-p 00000000 00:00 0 
7f7cf8021000-7f7cfc000000 ---p 00000000 00:00 0 
7f7cfc000000-7f7cfc021000 rw-p 00000000 00:00 0 
7f7cfc021000-7f7d00000000 ---p 00000000 00:00 0 
7f7d00000000-7f7d00021000 rw-p 00000000 00:00 0 
7f7d00021000-7f7d04000000 ---p 00000000 00:00 0 
7f7d04000000-7f7d04021000 rw-p 00000000 00:00 0 
7f7d04021000-7f7d08000000 ---p 00000000 00:00 0 
7f7d08000000-7f7d08013000 r--s 00345000 08:01 458026                     /usr/local/java/jdk1.8.0_144/jre/lib/resources.jar
7f7d08013000-7f7d08026000 r--p 00000000 08:01 457936                     /usr/local/java/jdk1.8.0_144/jre/lib/fonts/LucidaBrightDemiItalic.ttf
7f7d08026000-7f7d08039000 r--p 00000000 08:01 457929                     /usr/local/java/jdk1.8.0_144/jre/lib/fonts/LucidaBrightDemiBold.ttf
7f7d08039000-7f7d0803c000 ---p 00000000 00:00 0 
7f7d0803c000-7f7d0813a000 rw-p 00000000 00:00 0 
7f7d0813a000-7f7d08141000 r-xp 00000000 08:01 407408                     /usr/lib/x86_64-linux-gnu/libgailutil.so.18.0.1
7f7d08141000-7f7d08340000 ---p 00007000 08:01 407408                     /usr/lib/x86_64-linux-gnu/libgailutil.so.18.0.1
7f7d08340000-7f7d08341000 r--p 00006000 08:01 407408                     /usr/lib/x86_64-linux-gnu/libgailutil.so.18.0.1
7f7d08341000-7f7d08342000 rw-p 00007000 08:01 407408                     /usr/lib/x86_64-linux-gnu/libgailutil.so.18.0.1
7f7d08342000-7f7d08390000 r-xp 00000000 08:01 137772                     /usr/lib/x86_64-linux-gnu/gtk-2.0/modules/libgail.so
7f7d08390000-7f7d0858f000 ---p 0004e000 08:01 137772                     /usr/lib/x86_64-linux-gnu/gtk-2.0/modules/libgail.so
7f7d0858f000-7f7d08590000 r--p 0004d000 08:01 137772                     /usr/lib/x86_64-linux-gnu/gtk-2.0/modules/libgail.so
7f7d08590000-7f7d08592000 rw-p 0004e000 08:01 137772                     /usr/lib/x86_64-linux-gnu/gtk-2.0/modules/libgail.so
7f7d08592000-7f7d085a3000 r-xp 00000000 08:01 137773                     /usr/lib/x86_64-linux-gnu/gtk-2.0/modules/liboverlay-scrollbar.so
7f7d085a3000-7f7d087a3000 ---p 00011000 08:01 137773                     /usr/lib/x86_64-linux-gnu/gtk-2.0/modules/liboverlay-scrollbar.so
7f7d087a3000-7f7d087a4000 r--p 00011000 08:01 137773                     /usr/lib/x86_64-linux-gnu/gtk-2.0/modules/liboverlay-scrollbar.so
7f7d087a4000-7f7d087a5000 rw-p 00012000 08:01 137773                     /usr/lib/x86_64-linux-gnu/gtk-2.0/modules/liboverlay-scrollbar.so
7f7d087a5000-7f7d087ce000 r-xp 00000000 08:01 457889                     /usr/local/java/jdk1.8.0_144/jre/lib/amd64/libglass.so
7f7d087ce000-7f7d089cd000 ---p 00029000 08:01 457889                     /usr/local/java/jdk1.8.0_144/jre/lib/amd64/libglass.so
7f7d089cd000-7f7d089d0000 rw-p 00028000 08:01 457889                     /usr/local/java/jdk1.8.0_144/jre/lib/amd64/libglass.so
7f7d089d0000-7f7d089df000 r-xp 00000000 08:01 457863                     /usr/local/java/jdk1.8.0_144/jre/lib/amd64/libprism_sw.so
7f7d089df000-7f7d08bdf000 ---p 0000f000 08:01 457863                     /usr/local/java/jdk1.8.0_144/jre/lib/amd64/libprism_sw.so
7f7d08bdf000-7f7d08be0000 rw-p 0000f000 08:01 457863                     /usr/local/java/jdk1.8.0_144/jre/lib/amd64/libprism_sw.so
7f7d08be0000-7f7d090e1000 rw-p 00000000 00:00 0 
7f7d090e1000-7f7d090e2000 ---p 00000000 00:00 0 
7f7d090e2000-7f7d098e2000 rw-p 00000000 00:00 0 
7f7d098e2000-7f7d098ea000 r-xp 00000000 08:01 195639                     /opt/VBoxGuestAdditions-5.1.26/lib/VBoxOGLpassthroughspu.so
7f7d098ea000-7f7d099e9000 ---p 00008000 08:01 195639                     /opt/VBoxGuestAdditions-5.1.26/lib/VBoxOGLpassthroughspu.so
7f7d099e9000-7f7d099eb000 rw-p 00007000 08:01 195639                     /opt/VBoxGuestAdditions-5.1.26/lib/VBoxOGLpassthroughspu.so
7f7d099eb000-7f7d099ed000 rw-p 00000000 00:00 0 
7f7d099ed000-7f7d09aa7000 r-xp 00000000 08:01 195688                     /opt/VBoxGuestAdditions-5.1.26/lib/VBoxOGLfeedbackspu.so
7f7d09aa7000-7f7d09ba6000 ---p 000ba000 08:01 195688                     /opt/VBoxGuestAdditions-5.1.26/lib/VBoxOGLfeedbackspu.so
7f7d09ba6000-7f7d09ba9000 rw-p 000b9000 08:01 195688                     /opt/VBoxGuestAdditions-5.1.26/lib/VBoxOGLfeedbackspu.so
7f7d09ba9000-7f7d0a0b4000 rw-p 00000000 00:00 0 
7f7d0a0b4000-7f7d0a0d7000 r-xp 00000000 08:01 195687                     /opt/VBoxGuestAdditions-5.1.26/lib/VBoxOGLerrorspu.so
7f7d0a0d7000-7f7d0a1d6000 ---p 00023000 08:01 195687                     /opt/VBoxGuestAdditions-5.1.26/lib/VBoxOGLerrorspu.so
7f7d0a1d6000-7f7d0a1da000 rw-p 00022000 08:01 195687                     /opt/VBoxGuestAdditions-5.1.26/lib/VBoxOGLerrorspu.so
7f7d0a1da000-7f7d0a39c000 r-xp 00000000 08:01 195642                     /opt/VBoxGuestAdditions-5.1.26/lib/VBoxOGLpackspu.so
7f7d0a39c000-7f7d0a49c000 ---p 001c2000 08:01 195642                     /opt/VBoxGuestAdditions-5.1.26/lib/VBoxOGLpackspu.so
7f7d0a49c000-7f7d0a49e000 r--p 001c2000 08:01 195642                     /opt/VBoxGuestAdditions-5.1.26/lib/VBoxOGLpackspu.so
7f7d0a49e000-7f7d0a4a1000 rw-p 001c4000 08:01 195642                     /opt/VBoxGuestAdditions-5.1.26/lib/VBoxOGLpackspu.so
7f7d0a4a1000-7f7d0a4e6000 rw-p 00000000 00:00 0 
7f7d0a4e6000-7f7d0a4ec000 r-xp 00000000 08:01 407220                     /usr/lib/x86_64-linux-gnu/libdatrie.so.1.3.3
7f7d0a4ec000-7f7d0a6ec000 ---p 00006000 08:01 407220                     /usr/lib/x86_64-linux-gnu/libdatrie.so.1.3.3
7f7d0a6ec000-7f7d0a6ed000 r--p 00006000 08:01 407220                     /usr/lib/x86_64-linux-gnu/libdatrie.so.1.3.3
7f7d0a6ed000-7f7d0a6ee000 rw-p 00007000 08:01 407220                     /usr/lib/x86_64-linux-gnu/libdatrie.so.1.3.3
7f7d0a6ee000-7f7d0a6f3000 r-xp 00000000 08:01 406970                     /usr/lib/x86_64-linux-gnu/libXdmcp.so.6.0.0
7f7d0a6f3000-7f7d0a8f2000 ---p 00005000 08:01 406970                     /usr/lib/x86_64-linux-gnu/libXdmcp.so.6.0.0
7f7d0a8f2000-7f7d0a8f3000 r--p 00004000 08:01 406970                     /usr/lib/x86_64-linux-gnu/libXdmcp.so.6.0.0
7f7d0a8f3000-7f7d0a8f4000 rw-p 00005000 08:01 406970                     /usr/lib/x86_64-linux-gnu/libXdmcp.so.6.0.0
7f7d0a8f4000-7f7d0a8f6000 r-xp 00000000 08:01 406959                     /usr/lib/x86_64-linux-gnu/libXau.so.6.0.0
7f7d0a8f6000-7f7d0aaf6000 ---p 00002000 08:01 406959                     /usr/lib/x86_64-linux-gnu/libXau.so.6.0.0
7f7d0aaf6000-7f7d0aaf7000 r--p 00002000 08:01 406959                     /usr/lib/x86_64-linux-gnu/libXau.so.6.0.0
7f7d0aaf7000-7f7d0aaf8000 rw-p 00003000 08:01 406959                     /usr/lib/x86_64-linux-gnu/libXau.so.6.0.0
7f7d0aaf8000-7f7d0ab1c000 r-xp 00000000 08:01 394724                     /usr/lib/x86_64-linux-gnu/libgraphite2.so.3.0.1
7f7d0ab1c000-7f7d0ad1b000 ---p 00024000 08:01 394724                     /usr/lib/x86_64-linux-gnu/libgraphite2.so.3.0.1
7f7d0ad1b000-7f7d0ad1d000 r--p 00023000 08:01 394724                     /usr/lib/x86_64-linux-gnu/libgraphite2.so.3.0.1
7f7d0ad1d000-7f7d0ad1e000 rw-p 00025000 08:01 394724                     /usr/lib/x86_64-linux-gnu/libgraphite2.so.3.0.1
7f7d0ad1e000-7f7d0ade9000 r-xp 00000000 08:01 195641                     /opt/VBoxGuestAdditions-5.1.26/lib/VBoxOGLcrutil.so
7f7d0ade9000-7f7d0aee8000 ---p 000cb000 08:01 195641                     /opt/VBoxGuestAdditions-5.1.26/lib/VBoxOGLcrutil.so
7f7d0aee8000-7f7d0aef8000 r--p 000ca000 08:01 195641                     /opt/VBoxGuestAdditions-5.1.26/lib/VBoxOGLcrutil.so
7f7d0aef8000-7f7d0aefc000 rw-p 000da000 08:01 195641                     /opt/VBoxGuestAdditions-5.1.26/lib/VBoxOGLcrutil.so
7f7d0aefc000-7f7d0af01000 rw-p 00000000 00:00 0 
7f7d0af01000-7f7d0af6f000 r-xp 00000000 08:01 6353                       /lib/x86_64-linux-gnu/libpcre.so.3.13.2
7f7d0af6f000-7f7d0b16f000 ---p 0006e000 08:01 6353                       /lib/x86_64-linux-gnu/libpcre.so.3.13.2
7f7d0b16f000-7f7d0b170000 r--p 0006e000 08:01 6353                       /lib/x86_64-linux-gnu/libpcre.so.3.13.2
7f7d0b170000-7f7d0b171000 rw-p 0006f000 08:01 6353                       /lib/x86_64-linux-gnu/libpcre.so.3.13.2
7f7d0b171000-7f7d0b178000 r-xp 00000000 08:01 407349                     /usr/lib/x86_64-linux-gnu/libffi.so.6.0.4
7f7d0b178000-7f7d0b377000 ---p 00007000 08:01 407349                     /usr/lib/x86_64-linux-gnu/libffi.so.6.0.4
7f7d0b377000-7f7d0b378000 r--p 00006000 08:01 407349                     /usr/lib/x86_64-linux-gnu/libffi.so.6.0.4
7f7d0b378000-7f7d0b379000 rw-p 00007000 08:01 407349                     /usr/lib/x86_64-linux-gnu/libffi.so.6.0.4
7f7d0b379000-7f7d0b39f000 r-xp 00000000 08:01 6255                       /lib/x86_64-linux-gnu/libexpat.so.1.6.0
7f7d0b39f000-7f7d0b59f000 ---p 00026000 08:01 6255                       /lib/x86_64-linux-gnu/libexpat.so.1.6.0
7f7d0b59f000-7f7d0b5a1000 r--p 00026000 08:01 6255                       /lib/x86_64-linux-gnu/libexpat.so.1.6.0
7f7d0b5a1000-7f7d0b5a2000 rw-p 00028000 08:01 6255                       /lib/x86_64-linux-gnu/libexpat.so.1.6.0
7f7d0b5a2000-7f7d0b5aa000 r-xp 00000000 08:01 408149                     /usr/lib/x86_64-linux-gnu/libthai.so.0.2.4
7f7d0b5aa000-7f7d0b7a9000 ---p 00008000 08:01 408149                     /usr/lib/x86_64-linux-gnu/libthai.so.0.2.4
7f7d0b7a9000-7f7d0b7aa000 r--p 00007000 08:01 408149                     /usr/lib/x86_64-linux-gnu/libthai.so.0.2.4
7f7d0b7aa000-7f7d0b7ab000 rw-p 00008000 08:01 408149                     /usr/lib/x86_64-linux-gnu/libthai.so.0.2.4
7f7d0b7ab000-7f7d0b7cc000 r-xp 00000000 08:01 408377                     /usr/lib/x86_64-linux-gnu/libxcb.so.1.1.0
7f7d0b7cc000-7f7d0b9cb000 ---p 00021000 08:01 408377                     /usr/lib/x86_64-linux-gnu/libxcb.so.1.1.0
7f7d0b9cb000-7f7d0b9cc000 r--p 00020000 08:01 408377                     /usr/lib/x86_64-linux-gnu/libxcb.so.1.1.0
7f7d0b9cc000-7f7d0b9cd000 rw-p 00021000 08:01 408377                     /usr/lib/x86_64-linux-gnu/libxcb.so.1.1.0
7f7d0b9cd000-7f7d0b9d5000 r-xp 00000000 08:01 408363                     /usr/lib/x86_64-linux-gnu/libxcb-render.so.0.0.0
7f7d0b9d5000-7f7d0bbd5000 ---p 00008000 08:01 408363                     /usr/lib/x86_64-linux-gnu/libxcb-render.so.0.0.0
7f7d0bbd5000-7f7d0bbd6000 r--p 00008000 08:01 408363                     /usr/lib/x86_64-linux-gnu/libxcb-render.so.0.0.0
7f7d0bbd6000-7f7d0bbd7000 rw-p 00009000 08:01 408363                     /usr/lib/x86_64-linux-gnu/libxcb-render.so.0.0.0
7f7d0bbd7000-7f7d0bbd9000 r-xp 00000000 08:01 408367                     /usr/lib/x86_64-linux-gnu/libxcb-shm.so.0.0.0
7f7d0bbd9000-7f7d0bdd9000 ---p 00002000 08:01 408367                     /usr/lib/x86_64-linux-gnu/libxcb-shm.so.0.0.0
7f7d0bdd9000-7f7d0bdda000 r--p 00002000 08:01 408367                     /usr/lib/x86_64-linux-gnu/libxcb-shm.so.0.0.0
7f7d0bdda000-7f7d0bddb000 rw-p 00003000 08:01 408367                     /usr/lib/x86_64-linux-gnu/libxcb-shm.so.0.0.0
7f7d0bddb000-7f7d0bdff000 r-xp 00000000 08:01 6365                       /lib/x86_64-linux-gnu/libpng12.so.0.54.0
7f7d0bdff000-7f7d0bffe000 ---p 00024000 08:01 6365                       /lib/x86_64-linux-gnu/libpng12.so.0.54.0
7f7d0bffe000-7f7d0bfff000 r--p 00023000 08:01 6365                       /lib/x86_64-linux-gnu/libpng12.so.0.54.0
7f7d0bfff000-7f7d0c000000 rw-p 00024000 08:01 6365                       /lib/x86_64-linux-gnu/libpng12.so.0.54.0
7f7d0c000000-7f7d0c021000 rw-p 00000000 00:00 0 
7f7d0c021000-7f7d10000000 ---p 00000000 00:00 0 
7f7d10001000-7f7d10006000 r--s 00084000 08:01 457939                     /usr/local/java/jdk1.8.0_144/jre/lib/jfr.jar
7f7d10006000-7f7d10011000 r--s 00000000 08:01 185665                     /var/cache/fontconfig/945677eb7aeaf62f1d50efc3fb3ec7d8-le64.cache-6
7f7d10011000-7f7d10017000 r--s 00000000 08:01 185647                     /var/cache/fontconfig/2cd17615ca594fa2959ae173292e504c-le64.cache-6
7f7d10017000-7f7d1002c000 r--s 00000000 08:01 185641                     /var/cache/fontconfig/04aabc0a78ac019cf9454389977116d2-le64.cache-6
7f7d1002c000-7f7d10072000 r--p 00000000 08:01 396532                     /usr/share/glib-2.0/schemas/gschemas.compiled
7f7d10072000-7f7d10111000 r-xp 00000000 08:01 407948                     /usr/lib/x86_64-linux-gnu/libpixman-1.so.0.33.6
7f7d10111000-7f7d10311000 ---p 0009f000 08:01 407948                     /usr/lib/x86_64-linux-gnu/libpixman-1.so.0.33.6
7f7d10311000-7f7d10319000 r--p 0009f000 08:01 407948                     /usr/lib/x86_64-linux-gnu/libpixman-1.so.0.33.6
7f7d10319000-7f7d1031a000 rw-p 000a7000 08:01 407948                     /usr/lib/x86_64-linux-gnu/libpixman-1.so.0.33.6
7f7d1031a000-7f7d10376000 r-xp 00000000 08:01 407612                     /usr/lib/x86_64-linux-gnu/libharfbuzz.so.0.10000.1
7f7d10376000-7f7d10576000 ---p 0005c000 08:01 407612                     /usr/lib/x86_64-linux-gnu/libharfbuzz.so.0.10000.1
7f7d10576000-7f7d10577000 r--p 0005c000 08:01 407612                     /usr/lib/x86_64-linux-gnu/libharfbuzz.so.0.10000.1
7f7d10577000-7f7d10578000 rw-p 0005d000 08:01 407612                     /usr/lib/x86_64-linux-gnu/libharfbuzz.so.0.10000.1
7f7d10578000-7f7d1058f000 r-xp 00000000 08:01 6376                       /lib/x86_64-linux-gnu/libresolv-2.23.so
7f7d1058f000-7f7d1078f000 ---p 00017000 08:01 6376                       /lib/x86_64-linux-gnu/libresolv-2.23.so
7f7d1078f000-7f7d10790000 r--p 00017000 08:01 6376                       /lib/x86_64-linux-gnu/libresolv-2.23.so
7f7d10790000-7f7d10791000 rw-p 00018000 08:01 6376                       /lib/x86_64-linux-gnu/libresolv-2.23.so
7f7d10791000-7f7d10793000 rw-p 00000000 00:00 0 
7f7d10793000-7f7d107b2000 r-xp 00000000 08:01 6382                       /lib/x86_64-linux-gnu/libselinux.so.1
7f7d107b2000-7f7d109b1000 ---p 0001f000 08:01 6382                       /lib/x86_64-linux-gnu/libselinux.so.1
7f7d109b1000-7f7d109b2000 r--p 0001e000 08:01 6382                       /lib/x86_64-linux-gnu/libselinux.so.1
7f7d109b2000-7f7d109b3000 rw-p 0001f000 08:01 6382                       /lib/x86_64-linux-gnu/libselinux.so.1
7f7d109b3000-7f7d109b5000 rw-p 00000000 00:00 0 
7f7d109b5000-7f7d109ce000 r-xp 00000000 08:01 6415                       /lib/x86_64-linux-gnu/libz.so.1.2.8
7f7d109ce000-7f7d10bcd000 ---p 00019000 08:01 6415                       /lib/x86_64-linux-gnu/libz.so.1.2.8
7f7d10bcd000-7f7d10bce000 r--p 00018000 08:01 6415                       /lib/x86_64-linux-gnu/libz.so.1.2.8
7f7d10bce000-7f7d10bcf000 rw-p 00019000 08:01 6415                       /lib/x86_64-linux-gnu/libz.so.1.2.8
7f7d10bcf000-7f7d10be0000 r-xp 00000000 08:01 406972                     /usr/lib/x86_64-linux-gnu/libXext.so.6.4.0
7f7d10be0000-7f7d10ddf000 ---p 00011000 08:01 406972                     /usr/lib/x86_64-linux-gnu/libXext.so.6.4.0
7f7d10ddf000-7f7d10de0000 r--p 00010000 08:01 406972                     /usr/lib/x86_64-linux-gnu/libXext.so.6.4.0
7f7d10de0000-7f7d10de1000 rw-p 00011000 08:01 406972                     /usr/lib/x86_64-linux-gnu/libXext.so.6.4.0
7f7d10de1000-7f7d10de3000 r-xp 00000000 08:01 406968                     /usr/lib/x86_64-linux-gnu/libXdamage.so.1.1.0
7f7d10de3000-7f7d10fe2000 ---p 00002000 08:01 406968                     /usr/lib/x86_64-linux-gnu/libXdamage.so.1.1.0
7f7d10fe2000-7f7d10fe3000 r--p 00001000 08:01 406968                     /usr/lib/x86_64-linux-gnu/libXdamage.so.1.1.0
7f7d10fe3000-7f7d10fe4000 rw-p 00002000 08:01 406968                     /usr/lib/x86_64-linux-gnu/libXdamage.so.1.1.0
7f7d10fe4000-7f7d10fe6000 r-xp 00000000 08:01 406964                     /usr/lib/x86_64-linux-gnu/libXcomposite.so.1.0.0
7f7d10fe6000-7f7d111e5000 ---p 00002000 08:01 406964                     /usr/lib/x86_64-linux-gnu/libXcomposite.so.1.0.0
7f7d111e5000-7f7d111e6000 r--p 00001000 08:01 406964                     /usr/lib/x86_64-linux-gnu/libXcomposite.so.1.0.0
7f7d111e6000-7f7d111e7000 rw-p 00002000 08:01 406964                     /usr/lib/x86_64-linux-gnu/libXcomposite.so.1.0.0
7f7d111e7000-7f7d111f0000 r-xp 00000000 08:01 406966                     /usr/lib/x86_64-linux-gnu/libXcursor.so.1.0.2
7f7d111f0000-7f7d113ef000 ---p 00009000 08:01 406966                     /usr/lib/x86_64-linux-gnu/libXcursor.so.1.0.2
7f7d113ef000-7f7d113f0000 r--p 00008000 08:01 406966                     /usr/lib/x86_64-linux-gnu/libXcursor.so.1.0.2
7f7d113f0000-7f7d113f1000 rw-p 00009000 08:01 406966                     /usr/lib/x86_64-linux-gnu/libXcursor.so.1.0.2
7f7d113f1000-7f7d113fb000 r-xp 00000000 08:01 406992                     /usr/lib/x86_64-linux-gnu/libXrandr.so.2.2.0
7f7d113fb000-7f7d115fa000 ---p 0000a000 08:01 406992                     /usr/lib/x86_64-linux-gnu/libXrandr.so.2.2.0
7f7d115fa000-7f7d115fb000 r--p 00009000 08:01 406992                     /usr/lib/x86_64-linux-gnu/libXrandr.so.2.2.0
7f7d115fb000-7f7d115fc000 rw-p 0000a000 08:01 406992                     /usr/lib/x86_64-linux-gnu/libXrandr.so.2.2.0
7f7d115fc000-7f7d1160b000 r-xp 00000000 08:01 406982                     /usr/lib/x86_64-linux-gnu/libXi.so.6.1.0
7f7d1160b000-7f7d1180a000 ---p 0000f000 08:01 406982                     /usr/lib/x86_64-linux-gnu/libXi.so.6.1.0
7f7d1180a000-7f7d1180b000 r--p 0000e000 08:01 406982                     /usr/lib/x86_64-linux-gnu/libXi.so.6.1.0
7f7d1180b000-7f7d1180c000 rw-p 0000f000 08:01 406982                     /usr/lib/x86_64-linux-gnu/libXi.so.6.1.0
7f7d1180c000-7f7d1180e000 r-xp 00000000 08:01 406984                     /usr/lib/x86_64-linux-gnu/libXinerama.so.1.0.0
7f7d1180e000-7f7d11a0d000 ---p 00002000 08:01 406984                     /usr/lib/x86_64-linux-gnu/libXinerama.so.1.0.0
7f7d11a0d000-7f7d11a0e000 r--p 00001000 08:01 406984                     /usr/lib/x86_64-linux-gnu/libXinerama.so.1.0.0
7f7d11a0e000-7f7d11a0f000 rw-p 00002000 08:01 406984                     /usr/lib/x86_64-linux-gnu/libXinerama.so.1.0.0
7f7d11a0f000-7f7d11a18000 r-xp 00000000 08:01 406994                     /usr/lib/x86_64-linux-gnu/libXrender.so.1.3.0
7f7d11a18000-7f7d11c17000 ---p 00009000 08:01 406994                     /usr/lib/x86_64-linux-gnu/libXrender.so.1.3.0
7f7d11c17000-7f7d11c18000 r--p 00008000 08:01 406994                     /usr/lib/x86_64-linux-gnu/libXrender.so.1.3.0
7f7d11c18000-7f7d11c19000 rw-p 00009000 08:01 406994                     /usr/lib/x86_64-linux-gnu/libXrender.so.1.3.0
7f7d11c19000-7f7d11c1e000 r-xp 00000000 08:01 406974                     /usr/lib/x86_64-linux-gnu/libXfixes.so.3.1.0
7f7d11c1e000-7f7d11e1d000 ---p 00005000 08:01 406974                     /usr/lib/x86_64-linux-gnu/libXfixes.so.3.1.0
7f7d11e1d000-7f7d11e1e000 r--p 00004000 08:01 406974                     /usr/lib/x86_64-linux-gnu/libXfixes.so.3.1.0
7f7d11e1e000-7f7d11e1f000 rw-p 00005000 08:01 406974                     /usr/lib/x86_64-linux-gnu/libXfixes.so.3.1.0
7f7d11e1f000-7f7d11e35000 r-xp 00000000 08:01 6262                       /lib/x86_64-linux-gnu/libgcc_s.so.1
7f7d11e35000-7f7d12034000 ---p 00016000 08:01 6262                       /lib/x86_64-linux-gnu/libgcc_s.so.1
7f7d12034000-7f7d12035000 rw-p 00015000 08:01 6262                       /lib/x86_64-linux-gnu/libgcc_s.so.1
7f7d12035000-7f7d121a7000 r-xp 00000000 08:01 408128                     /usr/lib/x86_64-linux-gnu/libstdc++.so.6.0.21
7f7d121a7000-7f7d123a7000 ---p 00172000 08:01 408128                     /usr/lib/x86_64-linux-gnu/libstdc++.so.6.0.21
7f7d123a7000-7f7d123b1000 r--p 00172000 08:01 408128                     /usr/lib/x86_64-linux-gnu/libstdc++.so.6.0.21
7f7d123b1000-7f7d123b3000 rw-p 0017c000 08:01 408128                     /usr/lib/x86_64-linux-gnu/libstdc++.so.6.0.21
7f7d123b3000-7f7d123b7000 rw-p 00000000 00:00 0 
7f7d123b7000-7f7d124cd000 r-xp 00000000 08:01 195646                     /opt/VBoxGuestAdditions-5.1.26/lib/VBoxOGL.so
7f7d124cd000-7f7d125cc000 ---p 00116000 08:01 195646                     /opt/VBoxGuestAdditions-5.1.26/lib/VBoxOGL.so
7f7d125cc000-7f7d125e0000 r--p 00115000 08:01 195646                     /opt/VBoxGuestAdditions-5.1.26/lib/VBoxOGL.so
7f7d125e0000-7f7d125e8000 rw-p 00129000 08:01 195646                     /opt/VBoxGuestAdditions-5.1.26/lib/VBoxOGL.so
7f7d125e8000-7f7d125f0000 rw-p 00000000 00:00 0 
7f7d125f0000-7f7d125f5000 r-xp 00000000 08:01 407010                     /usr/lib/x86_64-linux-gnu/libXxf86vm.so.1.0.0
7f7d125f5000-7f7d127f4000 ---p 00005000 08:01 407010                     /usr/lib/x86_64-linux-gnu/libXxf86vm.so.1.0.0
7f7d127f4000-7f7d127f5000 r--p 00004000 08:01 407010                     /usr/lib/x86_64-linux-gnu/libXxf86vm.so.1.0.0
7f7d127f5000-7f7d127f6000 rw-p 00005000 08:01 407010                     /usr/lib/x86_64-linux-gnu/libXxf86vm.so.1.0.0
7f7d127f6000-7f7d1292b000 r-xp 00000000 08:01 406955                     /usr/lib/x86_64-linux-gnu/libX11.so.6.3.0
7f7d1292b000-7f7d12b2b000 ---p 00135000 08:01 406955                     /usr/lib/x86_64-linux-gnu/libX11.so.6.3.0
7f7d12b2b000-7f7d12b2c000 r--p 00135000 08:01 406955                     /usr/lib/x86_64-linux-gnu/libX11.so.6.3.0
7f7d12b2c000-7f7d12b30000 rw-p 00136000 08:01 406955                     /usr/lib/x86_64-linux-gnu/libX11.so.6.3.0
7f7d12b30000-7f7d15000000 rw-p 00000000 00:00 0 
7f7d15000000-7f7d15005000 r--s 0009a000 08:01 457819                     /usr/local/java/jdk1.8.0_144/jre/lib/jsse.jar
7f7d15005000-7f7d15006000 r--s 00000000 08:01 185644                     /var/cache/fontconfig/0d8c3b2ac0904cb8a57a757ad11a4a08-le64.cache-6
7f7d15006000-7f7d15007000 r--s 00000000 08:01 185646                     /var/cache/fontconfig/1ac9eb803944fde146138c791f5cc56a-le64.cache-6
7f7d15007000-7f7d1500b000 r--s 00000000 08:01 185651                     /var/cache/fontconfig/385c0604a188198f04d133e54aba7fe7-le64.cache-6
7f7d1500b000-7f7d1500c000 r--s 00000000 08:01 185678                     /var/cache/fontconfig/dc05db6664285cc2f12bf69c139ae4c3-le64.cache-6
7f7d1500c000-7f7d1500f000 r--s 00000000 08:01 185661                     /var/cache/fontconfig/767a8244fc0220cfb567a839d0392e0b-le64.cache-6
7f7d1500f000-7f7d15016000 r--s 00000000 08:01 185648                     /var/cache/fontconfig/3047814df9a2f067bd2d96a2b9c36e5a-le64.cache-6
7f7d15016000-7f7d15029000 r--s 00000000 08:01 185675                     /var/cache/fontconfig/d52a8644073d54c13679302ca1180695-le64.cache-6
7f7d15029000-7f7d150a9000 r-xp 00000000 08:01 6392                       /lib/x86_64-linux-gnu/libsystemd.so.0.14.0
7f7d150a9000-7f7d150ac000 r--p 0007f000 08:01 6392                       /lib/x86_64-linux-gnu/libsystemd.so.0.14.0
7f7d150ac000-7f7d150ad000 rw-p 00082000 08:01 6392                       /lib/x86_64-linux-gnu/libsystemd.so.0.14.0
7f7d150ad000-7f7d150ae000 rw-p 00000000 00:00 0 
7f7d150ae000-7f7d150b3000 r-xp 00000000 08:01 407000                     /usr/lib/x86_64-linux-gnu/libXtst.so.6.1.0
7f7d150b3000-7f7d152b2000 ---p 00005000 08:01 407000                     /usr/lib/x86_64-linux-gnu/libXtst.so.6.1.0
7f7d152b2000-7f7d152b3000 r--p 00004000 08:01 407000                     /usr/lib/x86_64-linux-gnu/libXtst.so.6.1.0
7f7d152b3000-7f7d152b4000 rw-p 00005000 08:01 407000                     /usr/lib/x86_64-linux-gnu/libXtst.so.6.1.0
7f7d152b4000-7f7d153c3000 r-xp 00000000 08:01 6266                       /lib/x86_64-linux-gnu/libglib-2.0.so.0.4800.2
7f7d153c3000-7f7d155c2000 ---p 0010f000 08:01 6266                       /lib/x86_64-linux-gnu/libglib-2.0.so.0.4800.2
7f7d155c2000-7f7d155c3000 r--p 0010e000 08:01 6266                       /lib/x86_64-linux-gnu/libglib-2.0.so.0.4800.2
7f7d155c3000-7f7d155c4000 rw-p 0010f000 08:01 6266                       /lib/x86_64-linux-gnu/libglib-2.0.so.0.4800.2
7f7d155c4000-7f7d155c5000 rw-p 00000000 00:00 0 
7f7d155c5000-7f7d155c6000 r-xp 00000000 08:01 407577                     /usr/lib/x86_64-linux-gnu/libgthread-2.0.so.0.4800.2
7f7d155c6000-7f7d157c5000 ---p 00001000 08:01 407577                     /usr/lib/x86_64-linux-gnu/libgthread-2.0.so.0.4800.2
7f7d157c5000-7f7d157c6000 r--p 00000000 08:01 407577                     /usr/lib/x86_64-linux-gnu/libgthread-2.0.so.0.4800.2
7f7d157c6000-7f7d157c7000 rw-p 00001000 08:01 407577                     /usr/lib/x86_64-linux-gnu/libgthread-2.0.so.0.4800.2
7f7d157c7000-7f7d157ca000 r-xp 00000000 08:01 407480                     /usr/lib/x86_64-linux-gnu/libgmodule-2.0.so.0.4800.2
7f7d157ca000-7f7d159c9000 ---p 00003000 08:01 407480                     /usr/lib/x86_64-linux-gnu/libgmodule-2.0.so.0.4800.2
7f7d159c9000-7f7d159ca000 r--p 00002000 08:01 407480                     /usr/lib/x86_64-linux-gnu/libgmodule-2.0.so.0.4800.2
7f7d159ca000-7f7d159cb000 rw-p 00003000 08:01 407480                     /usr/lib/x86_64-linux-gnu/libgmodule-2.0.so.0.4800.2
7f7d159cb000-7f7d15a1d000 r-xp 00000000 08:01 407504                     /usr/lib/x86_64-linux-gnu/libgobject-2.0.so.0.4800.2
7f7d15a1d000-7f7d15c1c000 ---p 00052000 08:01 407504                     /usr/lib/x86_64-linux-gnu/libgobject-2.0.so.0.4800.2
7f7d15c1c000-7f7d15c1d000 r--p 00051000 08:01 407504                     /usr/lib/x86_64-linux-gnu/libgobject-2.0.so.0.4800.2
7f7d15c1d000-7f7d15c1e000 rw-p 00052000 08:01 407504                     /usr/lib/x86_64-linux-gnu/libgobject-2.0.so.0.4800.2
7f7d15c1e000-7f7d15c5b000 r-xp 00000000 08:01 407363                     /usr/lib/x86_64-linux-gnu/libfontconfig.so.1.9.0
7f7d15c5b000-7f7d15e5a000 ---p 0003d000 08:01 407363                     /usr/lib/x86_64-linux-gnu/libfontconfig.so.1.9.0
7f7d15e5a000-7f7d15e5c000 r--p 0003c000 08:01 407363                     /usr/lib/x86_64-linux-gnu/libfontconfig.so.1.9.0
7f7d15e5c000-7f7d15e61000 rw-p 0003e000 08:01 407363                     /usr/lib/x86_64-linux-gnu/libfontconfig.so.1.9.0
7f7d15e61000-7f7d15f05000 r-xp 00000000 08:01 407397                     /usr/lib/x86_64-linux-gnu/libfreetype.so.6.12.1
7f7d15f05000-7f7d16104000 ---p 000a4000 08:01 407397                     /usr/lib/x86_64-linux-gnu/libfreetype.so.6.12.1
7f7d16104000-7f7d1610a000 r--p 000a3000 08:01 407397                     /usr/lib/x86_64-linux-gnu/libfreetype.so.6.12.1
7f7d1610a000-7f7d1610b000 rw-p 000a9000 08:01 407397                     /usr/lib/x86_64-linux-gnu/libfreetype.so.6.12.1
7f7d1610b000-7f7d16154000 r-xp 00000000 08:01 407918                     /usr/lib/x86_64-linux-gnu/libpango-1.0.so.0.3800.1
7f7d16154000-7f7d16354000 ---p 00049000 08:01 407918                     /usr/lib/x86_64-linux-gnu/libpango-1.0.so.0.3800.1
7f7d16354000-7f7d16356000 r--p 00049000 08:01 407918                     /usr/lib/x86_64-linux-gnu/libpango-1.0.so.0.3800.1
7f7d16356000-7f7d16357000 rw-p 0004b000 08:01 407918                     /usr/lib/x86_64-linux-gnu/libpango-1.0.so.0.3800.1
7f7d16357000-7f7d16465000 r-xp 00000000 08:01 407122                     /usr/lib/x86_64-linux-gnu/libcairo.so.2.11400.6
7f7d16465000-7f7d16665000 ---p 0010e000 08:01 407122                     /usr/lib/x86_64-linux-gnu/libcairo.so.2.11400.6
7f7d16665000-7f7d16668000 r--p 0010e000 08:01 407122                     /usr/lib/x86_64-linux-gnu/libcairo.so.2.11400.6
7f7d16668000-7f7d16669000 rw-p 00111000 08:01 407122                     /usr/lib/x86_64-linux-gnu/libcairo.so.2.11400.6
7f7d16669000-7f7d1666b000 rw-p 00000000 00:00 0 
7f7d1666b000-7f7d16677000 r-xp 00000000 08:01 407920                     /usr/lib/x86_64-linux-gnu/libpangocairo-1.0.so.0.3800.1
7f7d16677000-7f7d16876000 ---p 0000c000 08:01 407920                     /usr/lib/x86_64-linux-gnu/libpangocairo-1.0.so.0.3800.1
7f7d16876000-7f7d16877000 r--p 0000b000 08:01 407920                     /usr/lib/x86_64-linux-gnu/libpangocairo-1.0.so.0.3800.1
7f7d16877000-7f7d16878000 rw-p 0000c000 08:01 407920                     /usr/lib/x86_64-linux-gnu/libpangocairo-1.0.so.0.3800.1
7f7d16878000-7f7d16899000 r-xp 00000000 08:01 407105                     /usr/lib/x86_64-linux-gnu/libgdk_pixbuf-2.0.so.0.3200.2
7f7d16899000-7f7d16a98000 ---p 00021000 08:01 407105                     /usr/lib/x86_64-linux-gnu/libgdk_pixbuf-2.0.so.0.3200.2
7f7d16a98000-7f7d16a99000 r--p 00020000 08:01 407105                     /usr/lib/x86_64-linux-gnu/libgdk_pixbuf-2.0.so.0.3200.2
7f7d16a99000-7f7d16a9a000 rw-p 00021000 08:01 407105                     /usr/lib/x86_64-linux-gnu/libgdk_pixbuf-2.0.so.0.3200.2
7f7d16a9a000-7f7d16aae000 r-xp 00000000 08:01 407922                     /usr/lib/x86_64-linux-gnu/libpangoft2-1.0.so.0.3800.1
7f7d16aae000-7f7d16cae000 ---p 00014000 08:01 407922                     /usr/lib/x86_64-linux-gnu/libpangoft2-1.0.so.0.3800.1
7f7d16cae000-7f7d16caf000 r--p 00014000 08:01 407922                     /usr/lib/x86_64-linux-gnu/libpangoft2-1.0.so.0.3800.1
7f7d16caf000-7f7d16cb0000 rw-p 00015000 08:01 407922                     /usr/lib/x86_64-linux-gnu/libpangoft2-1.0.so.0.3800.1
7f7d16cb0000-7f7d16e30000 r-xp 00000000 08:01 407466                     /usr/lib/x86_64-linux-gnu/libgio-2.0.so.0.4800.2
7f7d16e30000-7f7d17030000 ---p 00180000 08:01 407466                     /usr/lib/x86_64-linux-gnu/libgio-2.0.so.0.4800.2
7f7d17030000-7f7d17034000 r--p 00180000 08:01 407466                     /usr/lib/x86_64-linux-gnu/libgio-2.0.so.0.4800.2
7f7d17034000-7f7d17036000 rw-p 00184000 08:01 407466                     /usr/lib/x86_64-linux-gnu/libgio-2.0.so.0.4800.2
7f7d17036000-7f7d17038000 rw-p 00000000 00:00 0 
7f7d17038000-7f7d1705a000 r-xp 00000000 08:01 407065                     /usr/lib/x86_64-linux-gnu/libatk-1.0.so.0.21809.1
7f7d1705a000-7f7d17259000 ---p 00022000 08:01 407065                     /usr/lib/x86_64-linux-gnu/libatk-1.0.so.0.21809.1
7f7d17259000-7f7d1725c000 r--p 00021000 08:01 407065                     /usr/lib/x86_64-linux-gnu/libatk-1.0.so.0.21809.1
7f7d1725c000-7f7d1725d000 rw-p 00024000 08:01 407065                     /usr/lib/x86_64-linux-gnu/libatk-1.0.so.0.21809.1
7f7d1725d000-7f7d1730d000 r-xp 00000000 08:01 407436                     /usr/lib/x86_64-linux-gnu/libgdk-x11-2.0.so.0.2400.30
7f7d1730d000-7f7d1750c000 ---p 000b0000 08:01 407436                     /usr/lib/x86_64-linux-gnu/libgdk-x11-2.0.so.0.2400.30
7f7d1750c000-7f7d17510000 r--p 000af000 08:01 407436                     /usr/lib/x86_64-linux-gnu/libgdk-x11-2.0.so.0.2400.30
7f7d17510000-7f7d17512000 rw-p 000b3000 08:01 407436                     /usr/lib/x86_64-linux-gnu/libgdk-x11-2.0.so.0.2400.30
7f7d17512000-7f7d17950000 r-xp 00000000 08:01 407581                     /usr/lib/x86_64-linux-gnu/libgtk-x11-2.0.so.0.2400.30
7f7d17950000-7f7d17b4f000 ---p 0043e000 08:01 407581                     /usr/lib/x86_64-linux-gnu/libgtk-x11-2.0.so.0.2400.30
7f7d17b4f000-7f7d17b56000 r--p 0043d000 08:01 407581                     /usr/lib/x86_64-linux-gnu/libgtk-x11-2.0.so.0.2400.30
7f7d17b56000-7f7d17b5a000 rw-p 00444000 08:01 407581                     /usr/lib/x86_64-linux-gnu/libgtk-x11-2.0.so.0.2400.30
7f7d17b5a000-7f7d17b5d000 rw-p 00000000 00:00 0 
7f7d17b5d000-7f7d17b69000 r-xp 00000000 08:01 457857                     /usr/local/java/jdk1.8.0_144/jre/lib/amd64/libprism_es2.so
7f7d17b69000-7f7d17d68000 ---p 0000c000 08:01 457857                     /usr/local/java/jdk1.8.0_144/jre/lib/amd64/libprism_es2.so
7f7d17d68000-7f7d17d69000 rw-p 0000b000 08:01 457857                     /usr/local/java/jdk1.8.0_144/jre/lib/amd64/libprism_es2.so
7f7d17d69000-7f7d17d6c000 ---p 00000000 00:00 0 
7f7d17d6c000-7f7d17e6a000 rw-p 00000000 00:00 0 
7f7d17e6a000-7f7d17eff000 r--s 01110000 08:01 457917                     /usr/local/java/jdk1.8.0_144/jre/lib/ext/jfxrt.jar
7f7d17eff000-7f7d17f00000 ---p 00000000 00:00 0 
7f7d17f00000-7f7d18000000 rw-p 00000000 00:00 0 
7f7d18000000-7f7d18021000 rw-p 00000000 00:00 0 
7f7d18021000-7f7d1c000000 ---p 00000000 00:00 0 
7f7d1c000000-7f7d1c005000 r--s 00000000 08:01 185664                     /var/cache/fontconfig/8801497958630a81b71ace7c5f9b32a8-le64.cache-6
7f7d1c005000-7f7d1c00b000 r--s 00000000 08:01 185669                     /var/cache/fontconfig/b47c4e1ecd0709278f4910c18777a504-le64.cache-6
7f7d1c00b000-7f7d1c016000 r--s 00000000 08:01 205839                     /var/cache/fontconfig/d589a48862398ed80a3d6066f4f56f4c-le64.cache-6
7f7d1c016000-7f7d1c028000 r--s 00000000 08:01 185667                     /var/cache/fontconfig/9b89f8e3dae116d678bbf48e5f21f69b-le64.cache-6
7f7d1c028000-7f7d1c03b000 r--s 00116000 08:01 42956                      /home/se206/Desktop/Assignment3/Assignment3/controlsfx-8.40.13.jar
7f7d1c03b000-7f7d1c03e000 ---p 00000000 00:00 0 
7f7d1c03e000-7f7d1c13c000 rw-p 00000000 00:00 0 
7f7d1c13c000-7f7d1c13f000 ---p 00000000 00:00 0 
7f7d1c13f000-7f7d1c23d000 rw-p 00000000 00:00 0 
7f7d1c23d000-7f7d1c240000 ---p 00000000 00:00 0 
7f7d1c240000-7f7d1c33e000 rw-p 00000000 00:00 0 
7f7d1c33e000-7f7d1c341000 ---p 00000000 00:00 0 
7f7d1c341000-7f7d1c43f000 rw-p 00000000 00:00 0 
7f7d1c43f000-7f7d1c442000 ---p 00000000 00:00 0 
7f7d1c442000-7f7d1c540000 rw-p 00000000 00:00 0 
7f7d1c540000-7f7d1ceff000 r--p 00000000 08:01 402682                     /usr/lib/locale/locale-archive
7f7d1ceff000-7f7d1cf02000 ---p 00000000 00:00 0 
7f7d1cf02000-7f7d1d000000 rw-p 00000000 00:00 0 
7f7d1d000000-7f7d1d940000 rwxp 00000000 00:00 0 
7f7d1d940000-7f7d2c000000 ---p 00000000 00:00 0 
7f7d2c000000-7f7d2c436000 rw-p 00000000 00:00 0 
7f7d2c436000-7f7d30000000 ---p 00000000 00:00 0 
7f7d30000000-7f7d30001000 r--s 00000000 08:01 185652                     /var/cache/fontconfig/4794a0821666d79190d59a36cb4f44b5-le64.cache-6
7f7d30001000-7f7d3000c000 r--s 00000000 08:01 185663                     /var/cache/fontconfig/83bf95040141907cd45bb53cf7c1c148-le64.cache-6
7f7d3000c000-7f7d3000d000 ---p 00000000 00:00 0 
7f7d3000d000-7f7d3008d000 rw-p 00000000 00:00 0 
7f7d3008d000-7f7d30090000 ---p 00000000 00:00 0 
7f7d30090000-7f7d3018e000 rw-p 00000000 00:00 0 
7f7d3018e000-7f7d3018f000 ---p 00000000 00:00 0 
7f7d3018f000-7f7d31271000 rw-p 00000000 00:00 0 
7f7d31271000-7f7d3144b000 r--s 03d4d000 08:01 457838                     /usr/local/java/jdk1.8.0_144/jre/lib/rt.jar
7f7d3144b000-7f7d31f0e000 rw-p 00000000 00:00 0 
7f7d31f0e000-7f7d31f0f000 ---p 00000000 00:00 0 
7f7d31f0f000-7f7d3200f000 rw-p 00000000 00:00 0 
7f7d3200f000-7f7d32010000 ---p 00000000 00:00 0 
7f7d32010000-7f7d32110000 rw-p 00000000 00:00 0 
7f7d32110000-7f7d32111000 ---p 00000000 00:00 0 
7f7d32111000-7f7d32211000 rw-p 00000000 00:00 0 
7f7d32211000-7f7d32212000 ---p 00000000 00:00 0 
7f7d32212000-7f7d3233a000 rw-p 00000000 00:00 0 
7f7d3233a000-7f7d3249b000 ---p 00000000 00:00 0 
7f7d3249b000-7f7d324c3000 rw-p 00000000 00:00 0 
7f7d324c3000-7f7d32623000 ---p 00000000 00:00 0 
7f7d32623000-7f7d32638000 rw-p 00000000 00:00 0 
7f7d32638000-7f7d326e8000 ---p 00000000 00:00 0 
7f7d326e8000-7f7d3270e000 rw-p 00000000 00:00 0 
7f7d3270e000-7f7d32aa9000 ---p 00000000 00:00 0 
7f7d32aa9000-7f7d32ac3000 r-xp 00000000 08:01 457868                     /usr/local/java/jdk1.8.0_144/jre/lib/amd64/libzip.so
7f7d32ac3000-7f7d32cc3000 ---p 0001a000 08:01 457868                     /usr/local/java/jdk1.8.0_144/jre/lib/amd64/libzip.so
7f7d32cc3000-7f7d32cc4000 rw-p 0001a000 08:01 457868                     /usr/local/java/jdk1.8.0_144/jre/lib/amd64/libzip.so
7f7d32cc4000-7f7d32ccf000 r-xp 00000000 08:01 6323                       /lib/x86_64-linux-gnu/libnss_files-2.23.so
7f7d32ccf000-7f7d32ece000 ---p 0000b000 08:01 6323                       /lib/x86_64-linux-gnu/libnss_files-2.23.so
7f7d32ece000-7f7d32ecf000 r--p 0000a000 08:01 6323                       /lib/x86_64-linux-gnu/libnss_files-2.23.so
7f7d32ecf000-7f7d32ed0000 rw-p 0000b000 08:01 6323                       /lib/x86_64-linux-gnu/libnss_files-2.23.so
7f7d32ed0000-7f7d32ed6000 rw-p 00000000 00:00 0 
7f7d32ed6000-7f7d32ee1000 r-xp 00000000 08:01 6333                       /lib/x86_64-linux-gnu/libnss_nis-2.23.so
7f7d32ee1000-7f7d330e0000 ---p 0000b000 08:01 6333                       /lib/x86_64-linux-gnu/libnss_nis-2.23.so
7f7d330e0000-7f7d330e1000 r--p 0000a000 08:01 6333                       /lib/x86_64-linux-gnu/libnss_nis-2.23.so
7f7d330e1000-7f7d330e2000 rw-p 0000b000 08:01 6333                       /lib/x86_64-linux-gnu/libnss_nis-2.23.so
7f7d330e2000-7f7d330f8000 r-xp 00000000 08:01 6317                       /lib/x86_64-linux-gnu/libnsl-2.23.so
7f7d330f8000-7f7d332f7000 ---p 00016000 08:01 6317                       /lib/x86_64-linux-gnu/libnsl-2.23.so
7f7d332f7000-7f7d332f8000 r--p 00015000 08:01 6317                       /lib/x86_64-linux-gnu/libnsl-2.23.so
7f7d332f8000-7f7d332f9000 rw-p 00016000 08:01 6317                       /lib/x86_64-linux-gnu/libnsl-2.23.so
7f7d332f9000-7f7d332fb000 rw-p 00000000 00:00 0 
7f7d332fb000-7f7d33303000 r-xp 00000000 08:01 6319                       /lib/x86_64-linux-gnu/libnss_compat-2.23.so
7f7d33303000-7f7d33502000 ---p 00008000 08:01 6319                       /lib/x86_64-linux-gnu/libnss_compat-2.23.so
7f7d33502000-7f7d33503000 r--p 00007000 08:01 6319                       /lib/x86_64-linux-gnu/libnss_compat-2.23.so
7f7d33503000-7f7d33504000 rw-p 00008000 08:01 6319                       /lib/x86_64-linux-gnu/libnss_compat-2.23.so
7f7d33504000-7f7d3352f000 r-xp 00000000 08:01 457894                     /usr/local/java/jdk1.8.0_144/jre/lib/amd64/libjava.so
7f7d3352f000-7f7d3372e000 ---p 0002b000 08:01 457894                     /usr/local/java/jdk1.8.0_144/jre/lib/amd64/libjava.so
7f7d3372e000-7f7d33730000 rw-p 0002a000 08:01 457894                     /usr/local/java/jdk1.8.0_144/jre/lib/amd64/libjava.so
7f7d33730000-7f7d3373d000 r-xp 00000000 08:01 457846                     /usr/local/java/jdk1.8.0_144/jre/lib/amd64/libverify.so
7f7d3373d000-7f7d3393d000 ---p 0000d000 08:01 457846                     /usr/local/java/jdk1.8.0_144/jre/lib/amd64/libverify.so
7f7d3393d000-7f7d3393f000 rw-p 0000d000 08:01 457846                     /usr/local/java/jdk1.8.0_144/jre/lib/amd64/libverify.so
7f7d3393f000-7f7d33946000 r-xp 00000000 08:01 6378                       /lib/x86_64-linux-gnu/librt-2.23.so
7f7d33946000-7f7d33b45000 ---p 00007000 08:01 6378                       /lib/x86_64-linux-gnu/librt-2.23.so
7f7d33b45000-7f7d33b46000 r--p 00006000 08:01 6378                       /lib/x86_64-linux-gnu/librt-2.23.so
7f7d33b46000-7f7d33b47000 rw-p 00007000 08:01 6378                       /lib/x86_64-linux-gnu/librt-2.23.so
7f7d33b47000-7f7d33c4f000 r-xp 00000000 08:01 6294                       /lib/x86_64-linux-gnu/libm-2.23.so
7f7d33c4f000-7f7d33e4e000 ---p 00108000 08:01 6294                       /lib/x86_64-linux-gnu/libm-2.23.so
7f7d33e4e000-7f7d33e4f000 r--p 00107000 08:01 6294                       /lib/x86_64-linux-gnu/libm-2.23.so
7f7d33e4f000-7f7d33e50000 rw-p 00108000 08:01 6294                       /lib/x86_64-linux-gnu/libm-2.23.so
7f7d33e50000-7f7d34b23000 r-xp 00000000 08:01 457897                     /usr/local/java/jdk1.8.0_144/jre/lib/amd64/server/libjvm.so
7f7d34b23000-7f7d34d22000 ---p 00cd3000 08:01 457897                     /usr/local/java/jdk1.8.0_144/jre/lib/amd64/server/libjvm.so
7f7d34d22000-7f7d34dfc000 rw-p 00cd2000 08:01 457897                     /usr/local/java/jdk1.8.0_144/jre/lib/amd64/server/libjvm.so
7f7d34dfc000-7f7d34e47000 rw-p 00000000 00:00 0 
7f7d34e47000-7f7d35007000 r-xp 00000000 08:01 6224                       /lib/x86_64-linux-gnu/libc-2.23.so
7f7d35007000-7f7d35207000 ---p 001c0000 08:01 6224                       /lib/x86_64-linux-gnu/libc-2.23.so
7f7d35207000-7f7d3520b000 r--p 001c0000 08:01 6224                       /lib/x86_64-linux-gnu/libc-2.23.so
7f7d3520b000-7f7d3520d000 rw-p 001c4000 08:01 6224                       /lib/x86_64-linux-gnu/libc-2.23.so
7f7d3520d000-7f7d35211000 rw-p 00000000 00:00 0 
7f7d35211000-7f7d35214000 r-xp 00000000 08:01 6248                       /lib/x86_64-linux-gnu/libdl-2.23.so
7f7d35214000-7f7d35413000 ---p 00003000 08:01 6248                       /lib/x86_64-linux-gnu/libdl-2.23.so
7f7d35413000-7f7d35414000 r--p 00002000 08:01 6248                       /lib/x86_64-linux-gnu/libdl-2.23.so
7f7d35414000-7f7d35415000 rw-p 00003000 08:01 6248                       /lib/x86_64-linux-gnu/libdl-2.23.so
7f7d35415000-7f7d3542a000 r-xp 00000000 08:01 457087                     /usr/local/java/jdk1.8.0_144/lib/amd64/jli/libjli.so
7f7d3542a000-7f7d3562a000 ---p 00015000 08:01 457087                     /usr/local/java/jdk1.8.0_144/lib/amd64/jli/libjli.so
7f7d3562a000-7f7d3562b000 rw-p 00015000 08:01 457087                     /usr/local/java/jdk1.8.0_144/lib/amd64/jli/libjli.so
7f7d3562b000-7f7d35643000 r-xp 00000000 08:01 6370                       /lib/x86_64-linux-gnu/libpthread-2.23.so
7f7d35643000-7f7d35842000 ---p 00018000 08:01 6370                       /lib/x86_64-linux-gnu/libpthread-2.23.so
7f7d35842000-7f7d35843000 r--p 00017000 08:01 6370                       /lib/x86_64-linux-gnu/libpthread-2.23.so
7f7d35843000-7f7d35844000 rw-p 00018000 08:01 6370                       /lib/x86_64-linux-gnu/libpthread-2.23.so
7f7d35844000-7f7d35848000 rw-p 00000000 00:00 0 
7f7d35848000-7f7d3586e000 r-xp 00000000 08:01 6196                       /lib/x86_64-linux-gnu/ld-2.23.so
7f7d3586e000-7f7d3586f000 r--s 00000000 08:01 185671                     /var/cache/fontconfig/bab58bb527bb656aaa9f116d68a48d89-le64.cache-6
7f7d3586f000-7f7d35870000 r--s 00000000 08:01 185655                     /var/cache/fontconfig/56cf4f4769d0f4abc89a4895d7bd3ae1-le64.cache-6
7f7d35870000-7f7d35871000 r--s 00000000 08:01 185670                     /var/cache/fontconfig/b9d506c9ac06c20b433354fa67a72993-le64.cache-6
7f7d35871000-7f7d35872000 r--s 00000000 08:01 185654                     /var/cache/fontconfig/551ecf3b0e8b0bca0f25c0944f561853-le64.cache-6
7f7d35872000-7f7d35873000 r--s 00000000 08:01 185649                     /var/cache/fontconfig/30829fa25452a46451e813d634d7f916-le64.cache-6
7f7d35873000-7f7d35876000 r--s 00000000 08:01 185660                     /var/cache/fontconfig/75114ca45c98e8a441da0ff356701271-le64.cache-6
7f7d35876000-7f7d35879000 r--s 00000000 08:01 185679                     /var/cache/fontconfig/e13b20fdb08344e0e664864cc2ede53d-le64.cache-6
7f7d35879000-7f7d3588d000 r--s 0022f000 08:01 43203                      /home/se206/Desktop/Assignment3/Assignment3/jfoenix.jar
7f7d3588d000-7f7d35949000 rw-p 00000000 00:00 0 
7f7d35949000-7f7d3594c000 ---p 00000000 00:00 0 
7f7d3594c000-7f7d35a4e000 rw-p 00000000 00:00 0 
7f7d35a4e000-7f7d35a4f000 r--s 00000000 08:01 185643                     /var/cache/fontconfig/0c9eb80ebd1c36541ebe2852d3bb0c49-le64.cache-6
7f7d35a4f000-7f7d35a53000 r--s 00000000 08:01 135913                     /var/cache/fontconfig/7ef2298fde41cc6eeb7af42e48b7d293-le64.cache-6
7f7d35a53000-7f7d35a54000 r--s 00008000 08:01 456424                     /home/se206/.p2/pool/plugins/org.eclipse.fx.ide.css.jfx8_2.4.0.201605112122.jar
7f7d35a54000-7f7d35a59000 r--p 00000000 08:01 565125                     /home/se206/.config/dconf/user
7f7d35a59000-7f7d35a5a000 r--s 00000000 00:29 26929                      /run/user/1000/dconf/user
7f7d35a5a000-7f7d35a61000 r--s 00000000 08:01 137469                     /usr/lib/x86_64-linux-gnu/gconv/gconv-modules.cache
7f7d35a61000-7f7d35a69000 rw-s 00000000 08:01 408041                     /tmp/hsperfdata_se206/4141
7f7d35a69000-7f7d35a6a000 rw-p 00000000 00:00 0 
7f7d35a6a000-7f7d35a6b000 r--p 00000000 00:00 0 
7f7d35a6b000-7f7d35a6d000 rw-p 00000000 00:00 0 
7f7d35a6d000-7f7d35a6e000 r--p 00025000 08:01 6196                       /lib/x86_64-linux-gnu/ld-2.23.so
7f7d35a6e000-7f7d35a6f000 rw-p 00026000 08:01 6196                       /lib/x86_64-linux-gnu/ld-2.23.so
7f7d35a6f000-7f7d35a70000 rw-p 00000000 00:00 0 
7ffd10e53000-7ffd10e74000 rw-p 00000000 00:00 0                          [stack]
7ffd10e75000-7ffd10e77000 r--p 00000000 00:00 0                          [vvar]
7ffd10e77000-7ffd10e79000 r-xp 00000000 00:00 0                          [vdso]
ffffffffff600000-ffffffffff601000 r-xp 00000000 00:00 0                  [vsyscall]

VM Arguments:
jvm_args: -Dfile.encoding=UTF-8 
java_command: assignment.MainApp
java_class_path (initial): /home/se206/Desktop/Assignment3/Assignment3/bin:/home/se206/.p2/pool/plugins/org.eclipse.fx.ide.css.jfx8_2.4.0.201605112122.jar:/home/se206/Desktop/Assignment3/Assignment3/jfoenix.jar:/home/se206/Desktop/Assignment3/Assignment3/controlsfx-8.40.13.jar
Launcher Type: SUN_STANDARD

Environment Variables:
JAVA_HOME=/usr/local/java/jdk1.8.0_51
PATH=/home/se206/bin:/home/se206/.local/bin:/usr/local/sbin:/usr/local/bin:/usr/sbin:/usr/bin:/sbin:/bin:/usr/games:/usr/local/games:/snap/bin:/home/se206/bin:/usr/local/java/jdk1.8.0_51/bin
SHELL=/bin/bash
DISPLAY=:0

Signal Handlers:
SIGSEGV: [libjvm.so+0xacba10], sa_mask[0]=11111111011111111101111111111110, sa_flags=SA_RESTART|SA_SIGINFO
SIGBUS: [libjvm.so+0xacba10], sa_mask[0]=11111111011111111101111111111110, sa_flags=SA_RESTART|SA_SIGINFO
SIGFPE: [libjvm.so+0x924ba0], sa_mask[0]=11111111011111111101111111111110, sa_flags=SA_RESTART|SA_SIGINFO
SIGPIPE: SIG_IGN, sa_mask[0]=00000000000010000000000000000000, sa_flags=SA_RESTART
SIGXFSZ: [libjvm.so+0x924ba0], sa_mask[0]=11111111011111111101111111111110, sa_flags=SA_RESTART|SA_SIGINFO
SIGILL: [libjvm.so+0x924ba0], sa_mask[0]=11111111011111111101111111111110, sa_flags=SA_RESTART|SA_SIGINFO
SIGUSR1: SIG_DFL, sa_mask[0]=00000000000000000000000000000000, sa_flags=none
SIGUSR2: [libjvm.so+0x9263e0], sa_mask[0]=00100000000000000000000000000000, sa_flags=SA_RESTART|SA_SIGINFO
SIGHUP: [libjvm.so+0x9277e0], sa_mask[0]=11111111011111111101111111111110, sa_flags=SA_RESTART|SA_SIGINFO
SIGINT: [libGL.so.1+0x58210], sa_mask[0]=01000000000000000000000000000000, sa_flags=SA_RESTART
SIGTERM: [libGL.so.1+0x58210], sa_mask[0]=00000000000000100000000000000000, sa_flags=SA_RESTART
SIGQUIT: [libjvm.so+0x9277e0], sa_mask[0]=11111111011111111101111111111110, sa_flags=SA_RESTART|SA_SIGINFO


---------------  S Y S T E M  ---------------

OS:DISTRIB_ID=Ubuntu
DISTRIB_RELEASE=16.04
DISTRIB_CODENAME=xenial
DISTRIB_DESCRIPTION="Ubuntu 16.04.3 LTS"

uname:Linux 4.10.0-35-generic #39~16.04.1-Ubuntu SMP Wed Sep 13 09:02:42 UTC 2017 x86_64
libc:glibc 2.23 NPTL 2.23 
rlimit: STACK 8192k, CORE 0k, NPROC 18646, NOFILE 1048576, AS infinity
load average:1.04 1.11 0.55

/proc/meminfo:
MemTotal:        4818076 kB
MemFree:         2505452 kB
MemAvailable:    3018684 kB
Buffers:           39892 kB
Cached:           682616 kB
SwapCached:            0 kB
Active:          1779264 kB
Inactive:         384152 kB
Active(anon):    1441984 kB
Inactive(anon):    21448 kB
Active(file):     337280 kB
Inactive(file):   362704 kB
Unevictable:          32 kB
Mlocked:              32 kB
SwapTotal:       1046524 kB
SwapFree:        1046524 kB
Dirty:               184 kB
Writeback:             0 kB
AnonPages:       1416588 kB
Mapped:           231120 kB
Shmem:             22308 kB
Slab:              66200 kB
SReclaimable:      38908 kB
SUnreclaim:        27292 kB
KernelStack:        8880 kB
PageTables:        32644 kB
NFS_Unstable:          0 kB
Bounce:                0 kB
WritebackTmp:          0 kB
CommitLimit:     3455560 kB
Committed_AS:    4596024 kB
VmallocTotal:   34359738367 kB
VmallocUsed:           0 kB
VmallocChunk:          0 kB
HardwareCorrupted:     0 kB
AnonHugePages:    479232 kB
ShmemHugePages:        0 kB
ShmemPmdMapped:        0 kB
CmaTotal:              0 kB
CmaFree:               0 kB
HugePages_Total:       0
HugePages_Free:        0
HugePages_Rsvd:        0
HugePages_Surp:        0
Hugepagesize:       2048 kB
DirectMap4k:       90048 kB
DirectMap2M:     4890624 kB


CPU:total 4 (initial active 4) (4 cores per cpu, 1 threads per core) family 6 model 60 stepping 3, cmov, cx8, fxsr, mmx, sse, sse2, sse3, ssse3, sse4.1, sse4.2, popcnt, avx, aes, clmul, lzcnt, tsc, tscinvbit

/proc/cpuinfo:
processor	: 0
vendor_id	: GenuineIntel
cpu family	: 6
model		: 60
model name	: Intel(R) Core(TM) i7-4712MQ CPU @ 2.30GHz
stepping	: 3
cpu MHz		: 2294.684
cache size	: 6144 KB
physical id	: 0
siblings	: 4
core id		: 0
cpu cores	: 4
apicid		: 0
initial apicid	: 0
fpu		: yes
fpu_exception	: yes
cpuid level	: 13
wp		: yes
flags		: fpu vme de pse tsc msr pae mce cx8 apic sep mtrr pge mca cmov pat pse36 clflush mmx fxsr sse sse2 ht syscall nx rdtscp lm constant_tsc rep_good nopl xtopology nonstop_tsc pni pclmulqdq ssse3 cx16 sse4_1 sse4_2 x2apic movbe popcnt aes xsave avx rdrand hypervisor lahf_lm abm
bugs		:
bogomips	: 4589.36
clflush size	: 64
cache_alignment	: 64
address sizes	: 39 bits physical, 48 bits virtual
power management:

processor	: 1
vendor_id	: GenuineIntel
cpu family	: 6
model		: 60
model name	: Intel(R) Core(TM) i7-4712MQ CPU @ 2.30GHz
stepping	: 3
cpu MHz		: 2294.684
cache size	: 6144 KB
physical id	: 0
siblings	: 4
core id		: 1
cpu cores	: 4
apicid		: 1
initial apicid	: 1
fpu		: yes
fpu_exception	: yes
cpuid level	: 13
wp		: yes
flags		: fpu vme de pse tsc msr pae mce cx8 apic sep mtrr pge mca cmov pat pse36 clflush mmx fxsr sse sse2 ht syscall nx rdtscp lm constant_tsc rep_good nopl xtopology nonstop_tsc pni pclmulqdq ssse3 cx16 sse4_1 sse4_2 x2apic movbe popcnt aes xsave avx rdrand hypervisor lahf_lm abm
bugs		:
bogomips	: 4589.36
clflush size	: 64
cache_alignment	: 64
address sizes	: 39 bits physical, 48 bits virtual
power management:

processor	: 2
vendor_id	: GenuineIntel
cpu family	: 6
model		: 60
model name	: Intel(R) Core(TM) i7-4712MQ CPU @ 2.30GHz
stepping	: 3
cpu MHz		: 2294.684
cache size	: 6144 KB
physical id	: 0
siblings	: 4
core id		: 2
cpu cores	: 4
apicid		: 2
initial apicid	: 2
fpu		: yes
fpu_exception	: yes
cpuid level	: 13
wp		: yes
flags		: fpu vme de pse tsc msr pae mce cx8 apic sep mtrr pge mca cmov pat pse36 clflush mmx fxsr sse sse2 ht syscall nx rdtscp lm constant_tsc rep_good nopl xtopology nonstop_tsc pni pclmulqdq ssse3 cx16 sse4_1 sse4_2 x2apic movbe popcnt aes xsave avx rdrand hypervisor lahf_lm abm
bugs		:
bogomips	: 4589.36
clflush size	: 64
cache_alignment	: 64
address sizes	: 39 bits physical, 48 bits virtual
power management:

processor	: 3
vendor_id	: GenuineIntel
cpu family	: 6
model		: 60
model name	: Intel(R) Core(TM) i7-4712MQ CPU @ 2.30GHz
stepping	: 3
cpu MHz		: 2294.684
cache size	: 6144 KB
physical id	: 0
siblings	: 4
core id		: 3
cpu cores	: 4
apicid		: 3
initial apicid	: 3
fpu		: yes
fpu_exception	: yes
cpuid level	: 13
wp		: yes
flags		: fpu vme de pse tsc msr pae mce cx8 apic sep mtrr pge mca cmov pat pse36 clflush mmx fxsr sse sse2 ht syscall nx rdtscp lm constant_tsc rep_good nopl xtopology nonstop_tsc pni pclmulqdq ssse3 cx16 sse4_1 sse4_2 x2apic movbe popcnt aes xsave avx rdrand hypervisor lahf_lm abm
bugs		:
bogomips	: 4589.36
clflush size	: 64
cache_alignment	: 64
address sizes	: 39 bits physical, 48 bits virtual
power management:



Memory: 4k page, physical 4818076k(2505452k free), swap 1046524k(1046524k free)

vm_info: Java HotSpot(TM) 64-Bit Server VM (25.144-b01) for linux-amd64 JRE (1.8.0_144-b01), built on Jul 21 2017 21:57:33 by "java_re" with gcc 4.3.0 20080428 (Red Hat 4.3.0-8)

time: Mon Sep 25 23:05:10 2017
elapsed time: 22 seconds (0d 0h 0m 22s)

